This file contains any messages produced by compilers while
running configure, to aid debugging if configure makes a mistake.

It was created by libsharp configure 1.0.0, which was
generated by GNU Autoconf 2.72.  Invocation command line was

  $ /home/warehouse/n.nhan/cse4059/healpix_cuda/src/Healpix_3.83/src/common_libraries/libsharp/configure --prefix=/home/warehouse/n.nhan/cse4059/healpix_cuda/src/Healpix_3.83 --enable-openmp

## --------- ##
## Platform. ##
## --------- ##

hostname = iht32-1501.engr.wustl.edu
uname -m = x86_64
uname -r = 5.14.0-427.31.1.el9_4.x86_64
uname -s = Linux
uname -v = #1 SMP PREEMPT_DYNAMIC Wed Aug 14 16:15:25 UTC 2024

/usr/bin/uname -p = x86_64
/bin/uname -X     = unknown

/bin/arch              = x86_64
/usr/bin/arch -k       = unknown
/usr/convex/getsysinfo = unknown
/usr/bin/hostinfo      = unknown
/bin/machine           = unknown
/usr/bin/oslevel       = unknown
/bin/universe          = unknown

PATH: /usr/share/Modules/bin/
PATH: /usr/local/sbin/
PATH: /usr/local/bin/
PATH: /usr/sbin/
PATH: /usr/bin/
PATH: /sbin/
PATH: /bin/
PATH: /opt/TurboVNC/bin/
PATH: /project/linuxlab/bin/
PATH: /project/compute/bin/
PATH: /opt/ibm/lsfsuite/lsf/10.1/linux3.10-glibc2.17-x86_64/bin/


## ----------- ##
## Core tests. ##
## ----------- ##

configure:2384: looking for aux files: config.guess config.sub ltmain.sh compile ar-lib missing install-sh
configure:2397:  trying /home/warehouse/n.nhan/cse4059/healpix_cuda/src/Healpix_3.83/src/common_libraries/libsharp/
configure:2426:   /home/warehouse/n.nhan/cse4059/healpix_cuda/src/Healpix_3.83/src/common_libraries/libsharp/config.guess found
configure:2426:   /home/warehouse/n.nhan/cse4059/healpix_cuda/src/Healpix_3.83/src/common_libraries/libsharp/config.sub found
configure:2426:   /home/warehouse/n.nhan/cse4059/healpix_cuda/src/Healpix_3.83/src/common_libraries/libsharp/ltmain.sh found
configure:2426:   /home/warehouse/n.nhan/cse4059/healpix_cuda/src/Healpix_3.83/src/common_libraries/libsharp/compile found
configure:2426:   /home/warehouse/n.nhan/cse4059/healpix_cuda/src/Healpix_3.83/src/common_libraries/libsharp/ar-lib found
configure:2426:   /home/warehouse/n.nhan/cse4059/healpix_cuda/src/Healpix_3.83/src/common_libraries/libsharp/missing found
configure:2408:   /home/warehouse/n.nhan/cse4059/healpix_cuda/src/Healpix_3.83/src/common_libraries/libsharp/install-sh found
configure:2556: checking for a BSD-compatible install
configure:2630: result: /usr/bin/install -c
configure:2641: checking whether sleep supports fractional seconds
configure:2657: result: yes
configure:2660: checking filesystem timestamp resolution
configure:2795: result: 0.01
configure:2800: checking whether build environment is sane
configure:2841: result: yes
configure:3012: checking for a race-free mkdir -p
configure:3055: result: /usr/bin/mkdir -p
configure:3062: checking for gawk
configure:3083: found /usr/bin/gawk
configure:3095: result: gawk
configure:3106: checking whether make sets $(MAKE)
configure:3130: result: yes
configure:3156: checking whether make supports nested variables
configure:3175: result: yes
configure:3189: checking xargs -n works
configure:3205: result: yes
configure:3304: checking whether to enable maintainer-specific portions of Makefiles
configure:3315: result: yes
configure:3343: checking whether make supports the include directive
configure:3358: make -f confmf.GNU && cat confinc.out
this is the am__doit target
configure:3361: $? = 0
configure:3380: result: yes (GNU style)
configure:3457: checking for gcc
configure:3490: result: gcc
configure:3849: checking for C compiler version
configure:3858: gcc --version >&5
gcc (GCC) 8.5.0 20210514 (Red Hat 8.5.0-22)
Copyright (C) 2018 Free Software Foundation, Inc.
This is free software; see the source for copying conditions.  There is NO
warranty; not even for MERCHANTABILITY or FITNESS FOR A PARTICULAR PURPOSE.

configure:3869: $? = 0
configure:3858: gcc -v >&5
Using built-in specs.
COLLECT_GCC=gcc
COLLECT_LTO_WRAPPER=/usr/libexec/gcc/x86_64-redhat-linux/8/lto-wrapper
OFFLOAD_TARGET_NAMES=nvptx-none
OFFLOAD_TARGET_DEFAULT=1
Target: x86_64-redhat-linux
Configured with: ../configure --enable-bootstrap --enable-languages=c,c++,fortran,lto --prefix=/usr --mandir=/usr/share/man --infodir=/usr/share/info --with-bugurl=https://bugs.rockylinux.org/ --enable-shared --enable-threads=posix --enable-checking=release --enable-multilib --with-system-zlib --enable-__cxa_atexit --disable-libunwind-exceptions --enable-gnu-unique-object --enable-linker-build-id --with-gcc-major-version-only --with-linker-hash-style=gnu --enable-plugin --enable-initfini-array --with-isl --disable-libmpx --enable-offload-targets=nvptx-none --without-cuda-driver --enable-gnu-indirect-function --enable-cet --with-tune=generic --with-arch_32=x86-64 --build=x86_64-redhat-linux
Thread model: posix
gcc version 8.5.0 20210514 (Red Hat 8.5.0-22) (GCC) 
configure:3869: $? = 0
configure:3858: gcc -V >&5
gcc: error: unrecognized command line option '-V'
gcc: fatal error: no input files
compilation terminated.
configure:3869: $? = 1
configure:3858: gcc -qversion >&5
gcc: error: unrecognized command line option '-qversion'; did you mean '--version'?
gcc: fatal error: no input files
compilation terminated.
configure:3869: $? = 1
configure:3858: gcc -version >&5
gcc: error: unrecognized command line option '-version'
gcc: fatal error: no input files
compilation terminated.
configure:3869: $? = 1
configure:3889: checking whether the C compiler works
configure:3911: gcc -O3 -ffast-math -march=native   conftest.c  >&5
configure:3915: $? = 0
configure:3966: result: yes
configure:3970: checking for C compiler default output file name
configure:3972: result: a.out
configure:3978: checking for suffix of executables
configure:3985: gcc -o conftest -O3 -ffast-math -march=native   conftest.c  >&5
configure:3989: $? = 0
configure:4013: result: 
configure:4037: checking whether we are cross compiling
configure:4045: gcc -o conftest -O3 -ffast-math -march=native   conftest.c  >&5
configure:4049: $? = 0
configure:4056: ./conftest
configure:4060: $? = 0
configure:4075: result: no
configure:4081: checking for suffix of object files
configure:4104: gcc -c -O3 -ffast-math -march=native  conftest.c >&5
configure:4108: $? = 0
configure:4132: result: o
configure:4136: checking whether the compiler supports GNU C
configure:4156: gcc -c -O3 -ffast-math -march=native  conftest.c >&5
configure:4156: $? = 0
configure:4168: result: yes
configure:4179: checking whether gcc accepts -g
configure:4200: gcc -c -g  conftest.c >&5
configure:4200: $? = 0
configure:4247: result: yes
configure:4267: checking for gcc option to enable C11 features
configure:4282: gcc  -c -O3 -ffast-math -march=native  conftest.c >&5
configure:4282: $? = 0
configure:4301: result: none needed
configure:4425: checking whether gcc understands -c and -o together
configure:4448: gcc -c conftest.c -o conftest2.o
configure:4451: $? = 0
configure:4448: gcc -c conftest.c -o conftest2.o
configure:4451: $? = 0
configure:4464: result: yes
configure:4483: checking dependency style of gcc
configure:4596: result: gcc3
configure:4668: checking for ar
configure:4689: found /usr/bin/ar
configure:4701: result: ar
configure:4728: checking the archiver (ar) interface
configure:4745: gcc -c -O3 -ffast-math -march=native  conftest.c >&5
configure:4745: $? = 0
configure:4748: ar cr libconftest.a conftest.o >&5
configure:4751: $? = 0
configure:4780: result: ar
configure:4833: checking build system type
configure:4849: result: x86_64-pc-linux-gnu
configure:4869: checking host system type
configure:4884: result: x86_64-pc-linux-gnu
configure:4925: checking how to print strings
configure:4952: result: printf
configure:4973: checking for a sed that does not truncate output
configure:5045: result: /usr/bin/sed
configure:5063: checking for grep that handles long lines and -e
configure:5129: result: /usr/bin/grep
configure:5134: checking for egrep
configure:5204: result: /usr/bin/grep -E
configure:5211: checking for fgrep
configure:5281: result: /usr/bin/grep -F
configure:5318: checking for ld used by gcc
configure:5387: result: /usr/bin/ld
configure:5394: checking if the linker (/usr/bin/ld) is GNU ld
configure:5411: result: yes
configure:5423: checking for BSD- or MS-compatible name lister (nm)
configure:5479: result: /usr/bin/nm -B
configure:5621: checking the name lister (/usr/bin/nm -B) interface
configure:5629: gcc -c -O3 -ffast-math -march=native  conftest.c >&5
configure:5632: /usr/bin/nm -B "conftest.o"
configure:5635: output
0000000000000000 B some_variable
configure:5643: result: BSD nm
configure:5646: checking whether ln -s works
configure:5650: result: yes
configure:5658: checking the maximum length of command line arguments
configure:5791: result: 3458764513820540925
configure:5839: checking how to convert x86_64-pc-linux-gnu file names to x86_64-pc-linux-gnu format
configure:5881: result: func_convert_file_noop
configure:5888: checking how to convert x86_64-pc-linux-gnu file names to toolchain format
configure:5910: result: func_convert_file_noop
configure:5917: checking for /usr/bin/ld option to reload object files
configure:5926: result: -r
configure:6006: checking for objdump
configure:6027: found /usr/bin/objdump
configure:6039: result: objdump
configure:6071: checking how to recognize dependent libraries
configure:6273: result: pass_all
configure:6364: checking for dlltool
configure:6400: result: no
configure:6430: checking how to associate runtime and link libraries
configure:6459: result: printf %s\n
configure:6595: checking for archiver @FILE support
configure:6613: gcc -c -O3 -ffast-math -march=native  conftest.c >&5
configure:6613: $? = 0
configure:6617: ar cru libconftest.a @conftest.lst >&5
configure:6620: $? = 0
configure:6625: ar cru libconftest.a @conftest.lst >&5
ar: conftest.o: No such file or directory
configure:6628: $? = 1
configure:6641: result: @
configure:6705: checking for strip
configure:6726: found /usr/bin/strip
configure:6738: result: strip
configure:6816: checking for ranlib
configure:6837: found /usr/bin/ranlib
configure:6849: result: ranlib
configure:6951: checking command to parse /usr/bin/nm -B output from gcc object
configure:7105: gcc -c -O3 -ffast-math -march=native  conftest.c >&5
configure:7108: $? = 0
configure:7112: /usr/bin/nm -B conftest.o \| sed -n -e 's/^.*[ ]\([ABCDGIRSTW][ABCDGIRSTW]*\)[ ][ ]*\([_A-Za-z][_A-Za-z0-9]*\)$/\1 \2 \2/p' | sed '/ __gnu_lto/d' \> conftest.nm
configure:7115: $? = 0
configure:7181: gcc -o conftest -O3 -ffast-math -march=native   conftest.c conftstm.o >&5
configure:7184: $? = 0
configure:7223: result: ok
configure:7270: checking for sysroot
configure:7302: result: no
configure:7309: checking for a working dd
configure:7354: result: /usr/bin/dd
configure:7358: checking how to truncate binary pipes
configure:7375: result: /usr/bin/dd bs=4096 count=1
configure:7512: gcc -c -O3 -ffast-math -march=native  conftest.c >&5
configure:7515: $? = 0
configure:7715: checking for mt
configure:7751: result: no
configure:7771: checking if : is a manifest tool
configure:7778: : '-?'
configure:7787: result: no
configure:8526: checking for stdio.h
configure:8526: gcc -c -O3 -ffast-math -march=native  conftest.c >&5
configure:8526: $? = 0
configure:8526: result: yes
configure:8526: checking for stdlib.h
configure:8526: gcc -c -O3 -ffast-math -march=native  conftest.c >&5
configure:8526: $? = 0
configure:8526: result: yes
configure:8526: checking for string.h
configure:8526: gcc -c -O3 -ffast-math -march=native  conftest.c >&5
configure:8526: $? = 0
configure:8526: result: yes
configure:8526: checking for inttypes.h
configure:8526: gcc -c -O3 -ffast-math -march=native  conftest.c >&5
configure:8526: $? = 0
configure:8526: result: yes
configure:8526: checking for stdint.h
configure:8526: gcc -c -O3 -ffast-math -march=native  conftest.c >&5
configure:8526: $? = 0
configure:8526: result: yes
configure:8526: checking for strings.h
configure:8526: gcc -c -O3 -ffast-math -march=native  conftest.c >&5
configure:8526: $? = 0
configure:8526: result: yes
configure:8526: checking for sys/stat.h
configure:8526: gcc -c -O3 -ffast-math -march=native  conftest.c >&5
configure:8526: $? = 0
configure:8526: result: yes
configure:8526: checking for sys/types.h
configure:8526: gcc -c -O3 -ffast-math -march=native  conftest.c >&5
configure:8526: $? = 0
configure:8526: result: yes
configure:8526: checking for unistd.h
configure:8526: gcc -c -O3 -ffast-math -march=native  conftest.c >&5
configure:8526: $? = 0
configure:8526: result: yes
configure:8551: checking for dlfcn.h
configure:8551: gcc -c -O3 -ffast-math -march=native  conftest.c >&5
configure:8551: $? = 0
configure:8551: result: yes
configure:8816: checking for objdir
configure:8833: result: .libs
configure:9099: checking if gcc supports -fno-rtti -fno-exceptions
configure:9118: gcc -c -O3 -ffast-math -march=native  -fno-rtti -fno-exceptions conftest.c >&5
cc1: warning: command line option '-fno-rtti' is valid for C++/ObjC++ but not for C
configure:9122: $? = 0
configure:9136: result: no
configure:9494: checking for gcc option to produce PIC
configure:9503: result: -fPIC -DPIC
configure:9511: checking if gcc PIC flag -fPIC -DPIC works
configure:9530: gcc -c -O3 -ffast-math -march=native  -fPIC -DPIC -DPIC conftest.c >&5
configure:9534: $? = 0
configure:9548: result: yes
configure:9577: checking if gcc static flag -static works
configure:9607: result: yes
configure:9622: checking if gcc supports -c -o file.o
configure:9644: gcc -c -O3 -ffast-math -march=native  -o out/conftest2.o conftest.c >&5
configure:9648: $? = 0
configure:9671: result: yes
configure:9679: checking if gcc supports -c -o file.o
configure:9728: result: yes
configure:9761: checking whether the gcc linker (/usr/bin/ld -m elf_x86_64) supports shared libraries
configure:11032: result: yes
configure:11069: checking whether -lc should be explicitly linked in
configure:11078: gcc -c -O3 -ffast-math -march=native  conftest.c >&5
configure:11081: $? = 0
configure:11096: gcc -shared  -fPIC -DPIC conftest.o  -v -Wl,-soname -Wl,conftest -o conftest 2\>\&1 \| /usr/bin/grep  -lc  \>/dev/null 2\>\&1
configure:11099: $? = 0
configure:11114: result: no
configure:11274: checking dynamic linker characteristics
configure:11856: gcc -o conftest -O3 -ffast-math -march=native   -Wl,-rpath -Wl,/foo conftest.c  >&5
configure:11856: $? = 0
configure:12096: result: GNU/Linux ld.so
configure:12218: checking how to hardcode library paths into programs
configure:12243: result: immediate
configure:12843: checking whether stripping libraries is possible
configure:12848: result: yes
configure:12883: checking if libtool supports shared libraries
configure:12885: result: yes
configure:12888: checking whether to build shared libraries
configure:12913: result: yes
configure:12916: checking whether to build static libraries
configure:12920: result: yes
configure:13017: checking for gcc
configure:13050: result: gcc
configure:13409: checking for C compiler version
configure:13418: gcc --version >&5
gcc (GCC) 8.5.0 20210514 (Red Hat 8.5.0-22)
Copyright (C) 2018 Free Software Foundation, Inc.
This is free software; see the source for copying conditions.  There is NO
warranty; not even for MERCHANTABILITY or FITNESS FOR A PARTICULAR PURPOSE.

configure:13429: $? = 0
configure:13418: gcc -v >&5
Using built-in specs.
COLLECT_GCC=gcc
COLLECT_LTO_WRAPPER=/usr/libexec/gcc/x86_64-redhat-linux/8/lto-wrapper
OFFLOAD_TARGET_NAMES=nvptx-none
OFFLOAD_TARGET_DEFAULT=1
Target: x86_64-redhat-linux
Configured with: ../configure --enable-bootstrap --enable-languages=c,c++,fortran,lto --prefix=/usr --mandir=/usr/share/man --infodir=/usr/share/info --with-bugurl=https://bugs.rockylinux.org/ --enable-shared --enable-threads=posix --enable-checking=release --enable-multilib --with-system-zlib --enable-__cxa_atexit --disable-libunwind-exceptions --enable-gnu-unique-object --enable-linker-build-id --with-gcc-major-version-only --with-linker-hash-style=gnu --enable-plugin --enable-initfini-array --with-isl --disable-libmpx --enable-offload-targets=nvptx-none --without-cuda-driver --enable-gnu-indirect-function --enable-cet --with-tune=generic --with-arch_32=x86-64 --build=x86_64-redhat-linux
Thread model: posix
gcc version 8.5.0 20210514 (Red Hat 8.5.0-22) (GCC) 
configure:13429: $? = 0
configure:13418: gcc -V >&5
gcc: error: unrecognized command line option '-V'
gcc: fatal error: no input files
compilation terminated.
configure:13429: $? = 1
configure:13418: gcc -qversion >&5
gcc: error: unrecognized command line option '-qversion'; did you mean '--version'?
gcc: fatal error: no input files
compilation terminated.
configure:13429: $? = 1
configure:13418: gcc -version >&5
gcc: error: unrecognized command line option '-version'
gcc: fatal error: no input files
compilation terminated.
configure:13429: $? = 1
configure:13433: checking whether the compiler supports GNU C
configure:13465: result: yes
configure:13476: checking whether gcc accepts -g
configure:13544: result: yes
configure:13564: checking for gcc option to enable C11 features
configure:13598: result: none needed
configure:13722: checking whether gcc understands -c and -o together
configure:13761: result: yes
configure:13780: checking dependency style of gcc
configure:13893: result: gcc3
configure:13919: checking for gcc option to support OpenMP
configure:13941: gcc -c -O3 -ffast-math -march=native   conftest.c >&5
conftest.c:25:2: error: #error "OpenMP not supported"
 #error "OpenMP not supported"
  ^~~~~
configure:13941: $? = 1
configure: failed program was:
| /* confdefs.h */
| #define PACKAGE_NAME "libsharp"
| #define PACKAGE_TARNAME "libsharp"
| #define PACKAGE_VERSION "1.0.0"
| #define PACKAGE_STRING "libsharp 1.0.0"
| #define PACKAGE_BUGREPORT ""
| #define PACKAGE_URL ""
| #define PACKAGE "libsharp"
| #define VERSION "1.0.0"
| #define HAVE_STDIO_H 1
| #define HAVE_STDLIB_H 1
| #define HAVE_STRING_H 1
| #define HAVE_INTTYPES_H 1
| #define HAVE_STDINT_H 1
| #define HAVE_STRINGS_H 1
| #define HAVE_SYS_STAT_H 1
| #define HAVE_SYS_TYPES_H 1
| #define HAVE_UNISTD_H 1
| #define STDC_HEADERS 1
| #define HAVE_DLFCN_H 1
| #define LT_OBJDIR ".libs/"
| /* end confdefs.h.  */
| 
| #ifndef _OPENMP
| #error "OpenMP not supported"
| #endif
| #include <omp.h>
| int main (void) { return omp_get_num_threads (); }
| 
configure:13941: gcc -c -O3 -ffast-math -march=native -fopenmp  conftest.c >&5
configure:13941: $? = 0
configure:13953: gcc -o conftest -O3 -ffast-math -march=native -fopenmp   conftest.c  >&5
configure:13953: $? = 0
configure:13978: result: -fopenmp
configure:14012: checking our pkgconfig libname
configure:14020: result: libsharp
configure:14023: checking our pkgconfig version
configure:14031: result: 1.0.0
configure:14034: checking our pkgconfig_libdir
configure:14041: result: ${libdir}/pkgconfig
configure:14044: result: expanded our pkgconfig_libdir... /home/warehouse/n.nhan/cse4059/healpix_cuda/src/Healpix_3.83/lib/pkgconfig
configure:14048: checking our pkgconfig_libfile
configure:14054: result: libsharp.pc
configure:14061: checking our package / suffix
configure:14065: result: libsharp / 
configure:14068: checking our pkgconfig description
configure:14075: result: libsharp Library
configure:14078: checking our pkgconfig requires
configure:14083: result: 
configure:14086: checking our pkgconfig ext libs
configure:14093: result: -lsharp -lm
configure:14096: checking our pkgconfig cppflags
configure:14101: result: 
configure:14104: checking our pkgconfig ldflags
configure:14109: result: 
configure:14149: result: noninstalled pkgconfig -L /home/warehouse/n.nhan/cse4059/healpix_cuda/src/Healpix_3.83/src/common_libraries/libsharp/build/.libs
configure:14184: result: noninstalled pkgconfig -I //home/warehouse/n.nhan/cse4059/healpix_cuda/src/Healpix_3.83/src/common_libraries/libsharp
configure:14340: checking that generated files are newer than configure
configure:14346: result: done
configure:14393: creating ./config.status

## ---------------------- ##
## Running config.status. ##
## ---------------------- ##

This file was extended by libsharp config.status 1.0.0, which was
generated by GNU Autoconf 2.72.  Invocation command line was

  CONFIG_FILES    = 
  CONFIG_HEADERS  = 
  CONFIG_LINKS    = 
  CONFIG_COMMANDS = 
  $ ./config.status 

on iht32-1501.engr.wustl.edu

config.status:1039: creating Makefile
config.status:1196: executing depfiles commands
config.status:1273: cd .       && sed -e '/# am--include-marker/d' Makefile         | make -f - am--depfiles
config.status:1278: $? = 0
config.status:1196: executing libtool commands
config.status:1196: executing libsharp.pc commands
config.status:1852: creating libsharp.pc.in
config.status:1875: creating libsharp.pc
config.status:1901: creating libsharp-uninstalled.pc
config.status:1931: creating libsharp-uninstalled.sh

## ---------------- ##
## Cache variables. ##
## ---------------- ##

ac_cv_build=x86_64-pc-linux-gnu
ac_cv_c_compiler_gnu=yes
ac_cv_env_CC_set=set
ac_cv_env_CC_value=gcc
ac_cv_env_CFLAGS_set=set
ac_cv_env_CFLAGS_value='-O3 -ffast-math -march=native'
ac_cv_env_CPPFLAGS_set=
ac_cv_env_CPPFLAGS_value=
ac_cv_env_LDFLAGS_set=set
ac_cv_env_LDFLAGS_value=
ac_cv_env_LIBS_set=
ac_cv_env_LIBS_value=
ac_cv_env_LT_SYS_LIBRARY_PATH_set=
ac_cv_env_LT_SYS_LIBRARY_PATH_value=
ac_cv_env_build_alias_set=
ac_cv_env_build_alias_value=
ac_cv_env_host_alias_set=
ac_cv_env_host_alias_value=
ac_cv_env_target_alias_set=
ac_cv_env_target_alias_value=
ac_cv_header_dlfcn_h=yes
ac_cv_header_inttypes_h=yes
ac_cv_header_stdint_h=yes
ac_cv_header_stdio_h=yes
ac_cv_header_stdlib_h=yes
ac_cv_header_string_h=yes
ac_cv_header_strings_h=yes
ac_cv_header_sys_stat_h=yes
ac_cv_header_sys_types_h=yes
ac_cv_header_unistd_h=yes
ac_cv_host=x86_64-pc-linux-gnu
ac_cv_objext=o
ac_cv_path_EGREP='/usr/bin/grep -E'
ac_cv_path_EGREP_TRADITIONAL='/usr/bin/grep -E'
ac_cv_path_FGREP='/usr/bin/grep -F'
ac_cv_path_GREP=/usr/bin/grep
ac_cv_path_SED=/usr/bin/sed
ac_cv_path_install='/usr/bin/install -c'
ac_cv_path_lt_DD=/usr/bin/dd
ac_cv_path_mkdir=/usr/bin/mkdir
ac_cv_prog_AWK=gawk
ac_cv_prog_ac_ct_AR=ar
ac_cv_prog_ac_ct_CC=gcc
ac_cv_prog_ac_ct_OBJDUMP=objdump
ac_cv_prog_ac_ct_RANLIB=ranlib
ac_cv_prog_ac_ct_STRIP=strip
ac_cv_prog_c_openmp=-fopenmp
ac_cv_prog_cc_c11=
ac_cv_prog_cc_g=yes
ac_cv_prog_cc_stdc=
ac_cv_prog_make_make_set=yes
am_cv_CC_dependencies_compiler_type=gcc3
am_cv_ar_interface=ar
am_cv_filesystem_timestamp_resolution=0.01
am_cv_make_support_nested_variables=yes
am_cv_prog_cc_c_o=yes
am_cv_sleep_fractional_seconds=yes
am_cv_xargs_n_works=yes
lt_cv_ar_at_file=@
lt_cv_archive_cmds_need_lc=no
lt_cv_deplibs_check_method=pass_all
lt_cv_file_magic_cmd='$MAGIC_CMD'
lt_cv_file_magic_test_file=
lt_cv_ld_reload_flag=-r
lt_cv_nm_interface='BSD nm'
lt_cv_objdir=.libs
lt_cv_path_LD=/usr/bin/ld
lt_cv_path_NM='/usr/bin/nm -B'
lt_cv_path_mainfest_tool=no
lt_cv_prog_compiler_c_o=yes
lt_cv_prog_compiler_pic='-fPIC -DPIC'
lt_cv_prog_compiler_pic_works=yes
lt_cv_prog_compiler_rtti_exceptions=no
lt_cv_prog_compiler_static_works=yes
lt_cv_prog_gnu_ld=yes
lt_cv_sharedlib_from_linklib_cmd='printf %s\n'
lt_cv_shlibpath_overrides_runpath=no
lt_cv_sys_global_symbol_pipe='sed -n -e '\''s/^.*[	 ]\([ABCDGIRSTW][ABCDGIRSTW]*\)[	 ][	 ]*\([_A-Za-z][_A-Za-z0-9]*\)$/\1 \2 \2/p'\'' | sed '\''/ __gnu_lto/d'\'''
lt_cv_sys_global_symbol_to_c_name_address='sed -n -e '\''s/^: \(.*\) .*$/  {"\1", (void *) 0},/p'\'' -e '\''s/^[ABCDGIRSTW][ABCDGIRSTW]* .* \(.*\)$/  {"\1", (void *) \&\1},/p'\'''
lt_cv_sys_global_symbol_to_c_name_address_lib_prefix='sed -n -e '\''s/^: \(.*\) .*$/  {"\1", (void *) 0},/p'\'' -e '\''s/^[ABCDGIRSTW][ABCDGIRSTW]* .* \(lib.*\)$/  {"\1", (void *) \&\1},/p'\'' -e '\''s/^[ABCDGIRSTW][ABCDGIRSTW]* .* \(.*\)$/  {"lib\1", (void *) \&\1},/p'\'''
lt_cv_sys_global_symbol_to_cdecl='sed -n -e '\''s/^T .* \(.*\)$/extern int \1();/p'\'' -e '\''s/^[ABCDGIRSTW][ABCDGIRSTW]* .* \(.*\)$/extern char \1;/p'\'''
lt_cv_sys_global_symbol_to_import=
lt_cv_sys_max_cmd_len=3458764513820540925
lt_cv_to_host_file_cmd=func_convert_file_noop
lt_cv_to_tool_file_cmd=func_convert_file_noop
lt_cv_truncate_bin='/usr/bin/dd bs=4096 count=1'

## ----------------- ##
## Output variables. ##
## ----------------- ##

ACLOCAL='${SHELL} '\''/home/warehouse/n.nhan/cse4059/healpix_cuda/src/Healpix_3.83/src/common_libraries/libsharp/missing'\'' aclocal-1.17'
AMDEPBACKSLASH='\'
AMDEP_FALSE='#'
AMDEP_TRUE=''
AMTAR='$${TAR-tar}'
AM_BACKSLASH='\'
AM_CFLAGS=''
AM_DEFAULT_V='$(AM_DEFAULT_VERBOSITY)'
AM_DEFAULT_VERBOSITY='0'
AM_LDFLAGS=''
AM_V='$(V)'
AR='ar'
AUTOCONF='${SHELL} '\''/home/warehouse/n.nhan/cse4059/healpix_cuda/src/Healpix_3.83/src/common_libraries/libsharp/missing'\'' autoconf'
AUTOHEADER='${SHELL} '\''/home/warehouse/n.nhan/cse4059/healpix_cuda/src/Healpix_3.83/src/common_libraries/libsharp/missing'\'' autoheader'
AUTOMAKE='${SHELL} '\''/home/warehouse/n.nhan/cse4059/healpix_cuda/src/Healpix_3.83/src/common_libraries/libsharp/missing'\'' automake-1.17'
AWK='gawk'
CC='gcc'
CCDEPMODE='depmode=gcc3'
CFLAGS='-O3 -ffast-math -march=native -fopenmp'
CPPFLAGS=' -fopenmp'
CSCOPE='cscope'
CTAGS='ctags'
CYGPATH_W='echo'
DEFS='-DPACKAGE_NAME=\"libsharp\" -DPACKAGE_TARNAME=\"libsharp\" -DPACKAGE_VERSION=\"1.0.0\" -DPACKAGE_STRING=\"libsharp\ 1.0.0\" -DPACKAGE_BUGREPORT=\"\" -DPACKAGE_URL=\"\" -DPACKAGE=\"libsharp\" -DVERSION=\"1.0.0\" -DHAVE_STDIO_H=1 -DHAVE_STDLIB_H=1 -DHAVE_STRING_H=1 -DHAVE_INTTYPES_H=1 -DHAVE_STDINT_H=1 -DHAVE_STRINGS_H=1 -DHAVE_SYS_STAT_H=1 -DHAVE_SYS_TYPES_H=1 -DHAVE_UNISTD_H=1 -DSTDC_HEADERS=1 -DHAVE_DLFCN_H=1 -DLT_OBJDIR=\".libs/\"'
DEPDIR='.deps'
DLLTOOL='false'
DSYMUTIL=''
DUMPBIN=''
ECHO_C=''
ECHO_N='-n'
ECHO_T=''
EGREP='/usr/bin/grep -E'
ETAGS='etags'
EXEEXT=''
FGREP='/usr/bin/grep -F'
GREP='/usr/bin/grep'
HAVE_MULTIARCH_FALSE=''
HAVE_MULTIARCH_TRUE='#'
INSTALL_DATA='${INSTALL} -m 644'
INSTALL_PROGRAM='${INSTALL}'
INSTALL_SCRIPT='${INSTALL}'
INSTALL_STRIP_PROGRAM='$(install_sh) -c -s'
LD='/usr/bin/ld -m elf_x86_64'
LDFLAGS=''
LIBOBJS=''
LIBS='-lm'
LIBTOOL='$(SHELL) $(top_builddir)/libtool'
LIPO=''
LN_S='ln -s'
LTLIBOBJS=''
LT_SYS_LIBRARY_PATH=''
MAINT=''
MAINTAINER_MODE_FALSE='#'
MAINTAINER_MODE_TRUE=''
MAKEINFO='${SHELL} '\''/home/warehouse/n.nhan/cse4059/healpix_cuda/src/Healpix_3.83/src/common_libraries/libsharp/missing'\'' makeinfo'
MANIFEST_TOOL=':'
MKDIR_P='/usr/bin/mkdir -p'
NM='/usr/bin/nm -B'
NMEDIT=''
OBJDUMP='objdump'
OBJEXT='o'
OPENMP_CFLAGS='-fopenmp'
OTOOL64=''
OTOOL=''
PACKAGE='libsharp'
PACKAGE_BUGREPORT=''
PACKAGE_NAME='libsharp'
PACKAGE_STRING='libsharp 1.0.0'
PACKAGE_TARNAME='libsharp'
PACKAGE_URL=''
PACKAGE_VERSION='1.0.0'
PATH_SEPARATOR=':'
RANLIB='ranlib'
SED='/usr/bin/sed'
SET_MAKE=''
SHELL='/bin/sh'
STRIP='strip'
VERSION='1.0.0'
ac_ct_AR='ar'
ac_ct_CC='gcc'
ac_ct_DUMPBIN=''
am__EXEEXT_FALSE=''
am__EXEEXT_TRUE='#'
am__fastdepCC_FALSE='#'
am__fastdepCC_TRUE=''
am__include='include'
am__isrc=' -I$(srcdir)'
am__leading_dot='.'
am__nodep='_no'
am__quote=''
am__rm_f_notfound=''
am__tar='$${TAR-tar} chof - "$$tardir"'
am__untar='$${TAR-tar} xf -'
am__xargs_n='xargs -n'
bindir='${exec_prefix}/bin'
build='x86_64-pc-linux-gnu'
build_alias=''
build_cpu='x86_64'
build_os='linux-gnu'
build_vendor='pc'
datadir='${datarootdir}'
datarootdir='${prefix}/share'
docdir='${datarootdir}/doc/${PACKAGE_TARNAME}'
dvidir='${docdir}'
exec_prefix='${prefix}'
host='x86_64-pc-linux-gnu'
host_alias=''
host_cpu='x86_64'
host_os='linux-gnu'
host_vendor='pc'
htmldir='${docdir}'
includedir='${prefix}/include'
infodir='${datarootdir}/info'
install_sh='${SHELL} /home/warehouse/n.nhan/cse4059/healpix_cuda/src/Healpix_3.83/src/common_libraries/libsharp/install-sh'
libdir='${exec_prefix}/lib'
libexecdir='${exec_prefix}/libexec'
localedir='${datarootdir}/locale'
localstatedir='${prefix}/var'
mandir='${datarootdir}/man'
mkdir_p='$(MKDIR_P)'
oldincludedir='/usr/include'
pdfdir='${docdir}'
pkgconfig_libdir='${libdir}/pkgconfig'
pkgconfig_libfile='libsharp.pc'
prefix='/home/warehouse/n.nhan/cse4059/healpix_cuda/src/Healpix_3.83'
program_transform_name='s,x,x,'
psdir='${docdir}'
runstatedir='${localstatedir}/run'
sbindir='${exec_prefix}/sbin'
sharedstatedir='${prefix}/com'
sysconfdir='${prefix}/etc'
target_alias=''

## ----------- ##
## confdefs.h. ##
## ----------- ##

/* confdefs.h */
#define PACKAGE_NAME "libsharp"
#define PACKAGE_TARNAME "libsharp"
#define PACKAGE_VERSION "1.0.0"
#define PACKAGE_STRING "libsharp 1.0.0"
#define PACKAGE_BUGREPORT ""
#define PACKAGE_URL ""
#define PACKAGE "libsharp"
#define VERSION "1.0.0"
#define HAVE_STDIO_H 1
#define HAVE_STDLIB_H 1
#define HAVE_STRING_H 1
#define HAVE_INTTYPES_H 1
#define HAVE_STDINT_H 1
#define HAVE_STRINGS_H 1
#define HAVE_SYS_STAT_H 1
#define HAVE_SYS_TYPES_H 1
#define HAVE_UNISTD_H 1
#define STDC_HEADERS 1
#define HAVE_DLFCN_H 1
#define LT_OBJDIR ".libs/"

configure: exit 0
