This file contains any messages produced by compilers while
running configure, to aid debugging if configure makes a mistake.

It was created by cfitsio configure 4.6.2, which was
generated by GNU Autoconf 2.72.  Invocation command line was

  $ ./configure

## --------- ##
## Platform. ##
## --------- ##

hostname = iht32-1506.engr.wustl.edu
uname -m = x86_64
uname -r = 5.14.0-427.28.1.el9_4.x86_64
uname -s = Linux
uname -v = #1 SMP PREEMPT_DYNAMIC Wed Jul 31 15:28:35 UTC 2024

/usr/bin/uname -p = x86_64
/bin/uname -X     = unknown

/bin/arch              = x86_64
/usr/bin/arch -k       = unknown
/usr/convex/getsysinfo = unknown
/usr/bin/hostinfo      = unknown
/bin/machine           = unknown
/usr/bin/oslevel       = unknown
/bin/universe          = unknown

PATH: /usr/share/Modules/bin/
PATH: /usr/local/sbin/
PATH: /usr/local/bin/
PATH: /usr/sbin/
PATH: /usr/bin/
PATH: /sbin/
PATH: /bin/
PATH: /opt/TurboVNC/bin/
PATH: /project/linuxlab/bin/
PATH: /project/compute/bin/
PATH: /opt/ibm/lsfsuite/lsf/10.1/linux3.10-glibc2.17-x86_64/bin/


## ----------- ##
## Core tests. ##
## ----------- ##

configure:2521: looking for aux files: compile ltmain.sh missing install-sh config.guess config.sub
configure:2534:  trying ./config/
configure:2563:   ./config/compile found
configure:2563:   ./config/ltmain.sh found
configure:2563:   ./config/missing found
configure:2545:   ./config/install-sh found
configure:2563:   ./config/config.guess found
configure:2563:   ./config/config.sub found
configure:2703: checking build system type
configure:2719: result: x86_64-pc-linux-gnu
configure:2739: checking host system type
configure:2754: result: x86_64-pc-linux-gnu
configure:2774: checking target system type
configure:2789: result: x86_64-pc-linux-gnu
configure:2835: checking for a BSD-compatible install
configure:2909: result: /usr/bin/install -c
configure:2920: checking whether sleep supports fractional seconds
configure:2936: result: yes
configure:2939: checking filesystem timestamp resolution
configure:3074: result: 0.01
configure:3079: checking whether build environment is sane
configure:3120: result: yes
configure:3291: checking for a race-free mkdir -p
configure:3334: result: /usr/bin/mkdir -p
configure:3341: checking for gawk
configure:3362: found /usr/bin/gawk
configure:3374: result: gawk
configure:3385: checking whether make sets $(MAKE)
configure:3409: result: yes
configure:3435: checking whether make supports nested variables
configure:3454: result: yes
configure:3468: checking xargs -n works
configure:3484: result: yes
configure:3583: checking whether to enable maintainer-specific portions of Makefiles
configure:3594: result: no
configure:3655: checking how to print strings
configure:3682: result: printf
configure:3716: checking whether make supports the include directive
configure:3731: make -f confmf.GNU && cat confinc.out
this is the am__doit target
configure:3734: $? = 0
configure:3753: result: yes (GNU style)
configure:3830: checking for gcc
configure:3851: found /usr/bin/gcc
configure:3863: result: gcc
configure:4222: checking for C compiler version
configure:4231: gcc --version >&5
gcc (GCC) 8.5.0 20210514 (Red Hat 8.5.0-22)
Copyright (C) 2018 Free Software Foundation, Inc.
This is free software; see the source for copying conditions.  There is NO
warranty; not even for MERCHANTABILITY or FITNESS FOR A PARTICULAR PURPOSE.

configure:4242: $? = 0
configure:4231: gcc -v >&5
Using built-in specs.
COLLECT_GCC=gcc
COLLECT_LTO_WRAPPER=/usr/libexec/gcc/x86_64-redhat-linux/8/lto-wrapper
OFFLOAD_TARGET_NAMES=nvptx-none
OFFLOAD_TARGET_DEFAULT=1
Target: x86_64-redhat-linux
Configured with: ../configure --enable-bootstrap --enable-languages=c,c++,fortran,lto --prefix=/usr --mandir=/usr/share/man --infodir=/usr/share/info --with-bugurl=https://bugs.rockylinux.org/ --enable-shared --enable-threads=posix --enable-checking=release --enable-multilib --with-system-zlib --enable-__cxa_atexit --disable-libunwind-exceptions --enable-gnu-unique-object --enable-linker-build-id --with-gcc-major-version-only --with-linker-hash-style=gnu --enable-plugin --enable-initfini-array --with-isl --disable-libmpx --enable-offload-targets=nvptx-none --without-cuda-driver --enable-gnu-indirect-function --enable-cet --with-tune=generic --with-arch_32=x86-64 --build=x86_64-redhat-linux
Thread model: posix
gcc version 8.5.0 20210514 (Red Hat 8.5.0-22) (GCC) 
configure:4242: $? = 0
configure:4231: gcc -V >&5
gcc: error: unrecognized command line option '-V'
gcc: fatal error: no input files
compilation terminated.
configure:4242: $? = 1
configure:4231: gcc -qversion >&5
gcc: error: unrecognized command line option '-qversion'; did you mean '--version'?
gcc: fatal error: no input files
compilation terminated.
configure:4242: $? = 1
configure:4231: gcc -version >&5
gcc: error: unrecognized command line option '-version'
gcc: fatal error: no input files
compilation terminated.
configure:4242: $? = 1
configure:4262: checking whether the C compiler works
configure:4284: gcc    conftest.c  >&5
configure:4288: $? = 0
configure:4339: result: yes
configure:4343: checking for C compiler default output file name
configure:4345: result: a.out
configure:4351: checking for suffix of executables
configure:4358: gcc -o conftest    conftest.c  >&5
configure:4362: $? = 0
configure:4386: result: 
configure:4410: checking whether we are cross compiling
configure:4418: gcc -o conftest    conftest.c  >&5
configure:4422: $? = 0
configure:4429: ./conftest
configure:4433: $? = 0
configure:4448: result: no
configure:4454: checking for suffix of object files
configure:4477: gcc -c   conftest.c >&5
configure:4481: $? = 0
configure:4505: result: o
configure:4509: checking whether the compiler supports GNU C
configure:4529: gcc -c   conftest.c >&5
configure:4529: $? = 0
configure:4541: result: yes
configure:4552: checking whether gcc accepts -g
configure:4573: gcc -c -g  conftest.c >&5
configure:4573: $? = 0
configure:4620: result: yes
configure:4640: checking for gcc option to enable C11 features
configure:4655: gcc  -c -g -O2  conftest.c >&5
configure:4655: $? = 0
configure:4674: result: none needed
configure:4798: checking whether gcc understands -c and -o together
configure:4821: gcc -c conftest.c -o conftest2.o
configure:4824: $? = 0
configure:4821: gcc -c conftest.c -o conftest2.o
configure:4824: $? = 0
configure:4837: result: yes
configure:4856: checking dependency style of gcc
configure:4969: result: gcc3
configure:4984: checking for a sed that does not truncate output
configure:5056: result: /usr/bin/sed
configure:5074: checking for grep that handles long lines and -e
configure:5140: result: /usr/bin/grep
configure:5145: checking for egrep
configure:5215: result: /usr/bin/grep -E
configure:5222: checking for fgrep
configure:5292: result: /usr/bin/grep -F
configure:5329: checking for ld used by gcc
configure:5398: result: /usr/bin/ld
configure:5405: checking if the linker (/usr/bin/ld) is GNU ld
configure:5422: result: yes
configure:5434: checking for BSD- or MS-compatible name lister (nm)
configure:5490: result: /usr/bin/nm -B
configure:5632: checking the name lister (/usr/bin/nm -B) interface
configure:5640: gcc -c -g -O2  conftest.c >&5
configure:5643: /usr/bin/nm -B "conftest.o"
configure:5646: output
0000000000000000 B some_variable
configure:5654: result: BSD nm
configure:5657: checking whether ln -s works
configure:5661: result: yes
configure:5669: checking the maximum length of command line arguments
configure:5802: result: 3458764513820540925
configure:5850: checking how to convert x86_64-pc-linux-gnu file names to x86_64-pc-linux-gnu format
configure:5892: result: func_convert_file_noop
configure:5899: checking how to convert x86_64-pc-linux-gnu file names to toolchain format
configure:5921: result: func_convert_file_noop
configure:5928: checking for /usr/bin/ld option to reload object files
configure:5937: result: -r
configure:6017: checking for file
configure:6038: found /usr/bin/file
configure:6050: result: file
configure:6127: checking for objdump
configure:6148: found /usr/bin/objdump
configure:6160: result: objdump
configure:6192: checking how to recognize dependent libraries
configure:6394: result: pass_all
configure:6485: checking for dlltool
configure:6521: result: no
configure:6551: checking how to associate runtime and link libraries
configure:6580: result: printf %s\n
configure:6647: checking for ar
configure:6668: found /usr/bin/ar
configure:6680: result: ar
configure:6733: checking for archiver @FILE support
configure:6751: gcc -c -g -O2  conftest.c >&5
configure:6751: $? = 0
configure:6755: ar cr libconftest.a @conftest.lst >&5
configure:6758: $? = 0
configure:6763: ar cr libconftest.a @conftest.lst >&5
ar: conftest.o: No such file or directory
configure:6766: $? = 1
configure:6779: result: @
configure:6843: checking for strip
configure:6864: found /usr/bin/strip
configure:6876: result: strip
configure:6954: checking for ranlib
configure:6975: found /usr/bin/ranlib
configure:6987: result: ranlib
configure:7089: checking command to parse /usr/bin/nm -B output from gcc object
configure:7243: gcc -c -g -O2  conftest.c >&5
configure:7246: $? = 0
configure:7250: /usr/bin/nm -B conftest.o \| /usr/bin/sed -n -e 's/^.*[ ]\([ABCDGIRSTW][ABCDGIRSTW]*\)[ ][ ]*\([_A-Za-z][_A-Za-z0-9]*\)$/\1 \2 \2/p' | /usr/bin/sed '/ __gnu_lto/d' \> conftest.nm
configure:7253: $? = 0
configure:7319: gcc -o conftest -g -O2   conftest.c conftstm.o >&5
configure:7322: $? = 0
configure:7361: result: ok
configure:7408: checking for sysroot
configure:7440: result: no
configure:7447: checking for a working dd
configure:7492: result: /usr/bin/dd
configure:7496: checking how to truncate binary pipes
configure:7513: result: /usr/bin/dd bs=4096 count=1
configure:7650: gcc -c -g -O2  conftest.c >&5
configure:7653: $? = 0
configure:7853: checking for mt
configure:7889: result: no
configure:7909: checking if : is a manifest tool
configure:7916: : '-?'
configure:7925: result: no
configure:8664: checking for stdio.h
configure:8664: gcc -c -g -O2  conftest.c >&5
configure:8664: $? = 0
configure:8664: result: yes
configure:8664: checking for stdlib.h
configure:8664: gcc -c -g -O2  conftest.c >&5
configure:8664: $? = 0
configure:8664: result: yes
configure:8664: checking for string.h
configure:8664: gcc -c -g -O2  conftest.c >&5
configure:8664: $? = 0
configure:8664: result: yes
configure:8664: checking for inttypes.h
configure:8664: gcc -c -g -O2  conftest.c >&5
configure:8664: $? = 0
configure:8664: result: yes
configure:8664: checking for stdint.h
configure:8664: gcc -c -g -O2  conftest.c >&5
configure:8664: $? = 0
configure:8664: result: yes
configure:8664: checking for strings.h
configure:8664: gcc -c -g -O2  conftest.c >&5
configure:8664: $? = 0
configure:8664: result: yes
configure:8664: checking for sys/stat.h
configure:8664: gcc -c -g -O2  conftest.c >&5
configure:8664: $? = 0
configure:8664: result: yes
configure:8664: checking for sys/types.h
configure:8664: gcc -c -g -O2  conftest.c >&5
configure:8664: $? = 0
configure:8664: result: yes
configure:8664: checking for unistd.h
configure:8664: gcc -c -g -O2  conftest.c >&5
configure:8664: $? = 0
configure:8664: result: yes
configure:8689: checking for dlfcn.h
configure:8689: gcc -c -g -O2  conftest.c >&5
configure:8689: $? = 0
configure:8689: result: yes
configure:8954: checking for objdir
configure:8971: result: .libs
configure:9237: checking if gcc supports -fno-rtti -fno-exceptions
configure:9256: gcc -c -g -O2  -fno-rtti -fno-exceptions conftest.c >&5
cc1: warning: command line option '-fno-rtti' is valid for C++/ObjC++ but not for C
configure:9260: $? = 0
configure:9274: result: no
configure:9632: checking for gcc option to produce PIC
configure:9641: result: -fPIC -DPIC
configure:9649: checking if gcc PIC flag -fPIC -DPIC works
configure:9668: gcc -c -g -O2  -fPIC -DPIC -DPIC conftest.c >&5
configure:9672: $? = 0
configure:9686: result: yes
configure:9715: checking if gcc static flag -static works
configure:9745: result: yes
configure:9760: checking if gcc supports -c -o file.o
configure:9782: gcc -c -g -O2  -o out/conftest2.o conftest.c >&5
configure:9786: $? = 0
configure:9809: result: yes
configure:9817: checking if gcc supports -c -o file.o
configure:9866: result: yes
configure:9899: checking whether the gcc linker (/usr/bin/ld -m elf_x86_64) supports shared libraries
configure:11172: result: yes
configure:11209: checking whether -lc should be explicitly linked in
configure:11218: gcc -c -g -O2  conftest.c >&5
configure:11221: $? = 0
configure:11236: gcc -shared  -fPIC -DPIC conftest.o  -v -Wl,-soname -Wl,conftest -o conftest 2\>\&1 \| /usr/bin/grep  -lc  \>/dev/null 2\>\&1
configure:11239: $? = 0
configure:11254: result: no
configure:11414: checking dynamic linker characteristics
configure:11996: gcc -o conftest -g -O2   -Wl,-rpath -Wl,/foo conftest.c  >&5
configure:11996: $? = 0
configure:12236: result: GNU/Linux ld.so
configure:12358: checking how to hardcode library paths into programs
configure:12383: result: immediate
configure:12983: checking whether stripping libraries is possible
configure:12992: result: yes
configure:13034: checking if libtool supports shared libraries
configure:13036: result: yes
configure:13039: checking whether to build shared libraries
configure:13064: result: yes
configure:13067: checking whether to build static libraries
configure:13071: result: yes
configure:13111: checking whether ln -s works
configure:13115: result: yes
configure:13866: checking for gcc
configure:13899: result: gcc
configure:14258: checking for C compiler version
configure:14267: gcc --version >&5
gcc (GCC) 8.5.0 20210514 (Red Hat 8.5.0-22)
Copyright (C) 2018 Free Software Foundation, Inc.
This is free software; see the source for copying conditions.  There is NO
warranty; not even for MERCHANTABILITY or FITNESS FOR A PARTICULAR PURPOSE.

configure:14278: $? = 0
configure:14267: gcc -v >&5
Using built-in specs.
COLLECT_GCC=gcc
COLLECT_LTO_WRAPPER=/usr/libexec/gcc/x86_64-redhat-linux/8/lto-wrapper
OFFLOAD_TARGET_NAMES=nvptx-none
OFFLOAD_TARGET_DEFAULT=1
Target: x86_64-redhat-linux
Configured with: ../configure --enable-bootstrap --enable-languages=c,c++,fortran,lto --prefix=/usr --mandir=/usr/share/man --infodir=/usr/share/info --with-bugurl=https://bugs.rockylinux.org/ --enable-shared --enable-threads=posix --enable-checking=release --enable-multilib --with-system-zlib --enable-__cxa_atexit --disable-libunwind-exceptions --enable-gnu-unique-object --enable-linker-build-id --with-gcc-major-version-only --with-linker-hash-style=gnu --enable-plugin --enable-initfini-array --with-isl --disable-libmpx --enable-offload-targets=nvptx-none --without-cuda-driver --enable-gnu-indirect-function --enable-cet --with-tune=generic --with-arch_32=x86-64 --build=x86_64-redhat-linux
Thread model: posix
gcc version 8.5.0 20210514 (Red Hat 8.5.0-22) (GCC) 
configure:14278: $? = 0
configure:14267: gcc -V >&5
gcc: error: unrecognized command line option '-V'
gcc: fatal error: no input files
compilation terminated.
configure:14278: $? = 1
configure:14267: gcc -qversion >&5
gcc: error: unrecognized command line option '-qversion'; did you mean '--version'?
gcc: fatal error: no input files
compilation terminated.
configure:14278: $? = 1
configure:14267: gcc -version >&5
gcc: error: unrecognized command line option '-version'
gcc: fatal error: no input files
compilation terminated.
configure:14278: $? = 1
configure:14282: checking whether the compiler supports GNU C
configure:14314: result: yes
configure:14325: checking whether gcc accepts -g
configure:14393: result: yes
configure:14413: checking for gcc option to enable C11 features
configure:14447: result: none needed
configure:14571: checking whether gcc understands -c and -o together
configure:14610: result: yes
configure:14629: checking dependency style of gcc
configure:14742: result: gcc3
configure:15009: cfitsio: == Adding Fortran wrappers
configure:15072: checking for g77
configure:15108: result: no
configure:15072: checking for xlf
configure:15108: result: no
configure:15072: checking for f77
configure:15108: result: no
configure:15072: checking for frt
configure:15108: result: no
configure:15072: checking for pgf77
configure:15108: result: no
configure:15072: checking for cf77
configure:15108: result: no
configure:15072: checking for fort77
configure:15108: result: no
configure:15072: checking for fl32
configure:15108: result: no
configure:15072: checking for af77
configure:15108: result: no
configure:15072: checking for xlf90
configure:15108: result: no
configure:15072: checking for f90
configure:15108: result: no
configure:15072: checking for pgf90
configure:15108: result: no
configure:15072: checking for pghpf
configure:15108: result: no
configure:15072: checking for epcf90
configure:15108: result: no
configure:15072: checking for gfortran
configure:15093: found /usr/bin/gfortran
configure:15105: result: gfortran
configure:15131: checking for Fortran 77 compiler version
configure:15140: gfortran --version >&5
GNU Fortran (GCC) 8.5.0 20210514 (Red Hat 8.5.0-22)
Copyright (C) 2018 Free Software Foundation, Inc.
This is free software; see the source for copying conditions.  There is NO
warranty; not even for MERCHANTABILITY or FITNESS FOR A PARTICULAR PURPOSE.

configure:15151: $? = 0
configure:15140: gfortran -v >&5
Using built-in specs.
COLLECT_GCC=gfortran
COLLECT_LTO_WRAPPER=/usr/libexec/gcc/x86_64-redhat-linux/8/lto-wrapper
OFFLOAD_TARGET_NAMES=nvptx-none
OFFLOAD_TARGET_DEFAULT=1
Target: x86_64-redhat-linux
Configured with: ../configure --enable-bootstrap --enable-languages=c,c++,fortran,lto --prefix=/usr --mandir=/usr/share/man --infodir=/usr/share/info --with-bugurl=https://bugs.rockylinux.org/ --enable-shared --enable-threads=posix --enable-checking=release --enable-multilib --with-system-zlib --enable-__cxa_atexit --disable-libunwind-exceptions --enable-gnu-unique-object --enable-linker-build-id --with-gcc-major-version-only --with-linker-hash-style=gnu --enable-plugin --enable-initfini-array --with-isl --disable-libmpx --enable-offload-targets=nvptx-none --without-cuda-driver --enable-gnu-indirect-function --enable-cet --with-tune=generic --with-arch_32=x86-64 --build=x86_64-redhat-linux
Thread model: posix
gcc version 8.5.0 20210514 (Red Hat 8.5.0-22) (GCC) 
configure:15151: $? = 0
configure:15140: gfortran -V >&5
gfortran: error: unrecognized command line option '-V'
gfortran: fatal error: no input files
compilation terminated.
configure:15151: $? = 1
configure:15140: gfortran -qversion >&5
gfortran: error: unrecognized command line option '-qversion'; did you mean '--version'?
gfortran: fatal error: no input files
compilation terminated.
configure:15151: $? = 1
configure:15160: checking whether the compiler supports GNU Fortran 77
configure:15174: gfortran -c  conftest.F >&5
configure:15174: $? = 0
configure:15186: result: yes
configure:15194: checking whether gfortran accepts -g
configure:15206: gfortran -c -g conftest.f >&5
configure:15206: $? = 0
configure:15217: result: yes
configure:15346: checking if libtool supports shared libraries
configure:15348: result: yes
configure:15351: checking whether to build shared libraries
configure:15375: result: yes
configure:15378: checking whether to build static libraries
configure:15382: result: yes
configure:15734: checking for gfortran option to produce PIC
configure:15743: result: -fPIC
configure:15751: checking if gfortran PIC flag -fPIC works
configure:15770: gfortran -c -g -O2 -fPIC conftest.f >&5
configure:15774: $? = 0
configure:15788: result: yes
configure:15811: checking if gfortran static flag -static works
configure:15841: result: no
configure:15853: checking if gfortran supports -c -o file.o
configure:15875: gfortran -c -g -O2 -o out/conftest2.o conftest.f >&5
configure:15879: $? = 0
configure:15902: result: yes
configure:15907: checking if gfortran supports -c -o file.o
configure:15956: result: yes
configure:15986: checking whether the gfortran linker (/usr/bin/ld -m elf_x86_64) supports shared libraries
configure:17207: result: yes
configure:17350: checking dynamic linker characteristics
configure:18093: result: GNU/Linux ld.so
configure:18158: checking how to hardcode library paths into programs
configure:18183: result: immediate
configure:18233: cfitsio: == Adding wrapper support for GNU Fortran
configure:18253: checking for ar
configure:18287: result: ar
configure:18304: checking for stdlib.h
configure:18304: result: yes
configure:18304: checking for string.h
configure:18304: result: yes
configure:18304: checking for math.h
configure:18304: gcc -c -g -O2  conftest.c >&5
configure:18304: $? = 0
configure:18304: result: yes
configure:18304: checking for limits.h
configure:18304: gcc -c -g -O2  conftest.c >&5
configure:18304: $? = 0
configure:18304: result: yes
configure:18328: gcc -c -g -O2  conftest.c >&5
configure:18328: $? = 0
configure:18585: checking for curl-config
configure:18608: found /usr/bin/curl-config
configure:18621: result: /usr/bin/curl-config
configure:18664: checking for inflateEnd in -lz
configure:18693: gcc -o conftest -g -O2 -Dg77Fortran   conftest.c -lz   >&5
configure:18693: $? = 0
configure:18705: result: yes
configure:18735: checking whether ftruncate works
configure:18751: gcc -o conftest -g -O2 -Dg77Fortran   conftest.c -lz  >&5
configure:18751: $? = 0
configure:18756: result: yes
configure:18771: checking whether long long is defined
configure:18787: gcc -c -g -O2 -Dg77Fortran  conftest.c >&5
configure:18787: $? = 0
configure:18792: result: yes
configure:18814: checking whether system V style IPC services are supported
configure:18835: gcc -o conftest -g -O2 -Dg77Fortran   conftest.c -lz  >&5
configure:18835: $? = 0
configure:18841: result: yes
configure:18858: checking whether flock_t is defined in sys/fcntl.h
configure:18874: gcc -c -g -O2 -Dg77Fortran  conftest.c >&5
conftest.c: In function 'main':
conftest.c:40:1: error: unknown type name 'flock_t'; did you mean 'float'?
 flock_t filler;
 ^~~~~~~
 float
configure:18874: $? = 1
configure: failed program was:
| /* confdefs.h */
| #define PACKAGE_NAME "cfitsio"
| #define PACKAGE_TARNAME "cfitsio"
| #define PACKAGE_VERSION "4.6.2"
| #define PACKAGE_STRING "cfitsio 4.6.2"
| #define PACKAGE_BUGREPORT ""
| #define PACKAGE_URL ""
| #define PACKAGE "cfitsio"
| #define VERSION "4.6.2"
| #define HAVE_STDIO_H 1
| #define HAVE_STDLIB_H 1
| #define HAVE_STRING_H 1
| #define HAVE_INTTYPES_H 1
| #define HAVE_STDINT_H 1
| #define HAVE_STRINGS_H 1
| #define HAVE_SYS_STAT_H 1
| #define HAVE_SYS_TYPES_H 1
| #define HAVE_UNISTD_H 1
| #define STDC_HEADERS 1
| #define HAVE_DLFCN_H 1
| #define LT_OBJDIR ".libs/"
| #define HAVE_STDLIB_H 1
| #define HAVE_STRING_H 1
| #define HAVE_MATH_H 1
| #define HAVE_LIMITS_H 1
| #define _LARGEFILE_SOURCE 1
| #define _FILE_OFFSET_BITS 64
| #define CFITSIO_HAVE_CURL 1
| #define HAVE_LIBZ 1
| #define HAVE_FTRUNCATE 1
| #define HAVE_LONGLONG 1
| #define HAVE_SHMEM_SERVICES 1
| /* end confdefs.h.  */
| #include <sys/fcntl.h>
| 
| int
| main (void)
| {
| 
| flock_t filler;
| 
|   ;
|   return 0;
| }
configure:18883: result: no
configure:18890: checking whether flock_t is defined in sys/flock.h
configure:18906: gcc -c -g -O2 -Dg77Fortran  conftest.c >&5
conftest.c:34:10: fatal error: sys/flock.h: No such file or directory
 #include <sys/flock.h>
          ^~~~~~~~~~~~~
compilation terminated.
configure:18906: $? = 1
configure: failed program was:
| /* confdefs.h */
| #define PACKAGE_NAME "cfitsio"
| #define PACKAGE_TARNAME "cfitsio"
| #define PACKAGE_VERSION "4.6.2"
| #define PACKAGE_STRING "cfitsio 4.6.2"
| #define PACKAGE_BUGREPORT ""
| #define PACKAGE_URL ""
| #define PACKAGE "cfitsio"
| #define VERSION "4.6.2"
| #define HAVE_STDIO_H 1
| #define HAVE_STDLIB_H 1
| #define HAVE_STRING_H 1
| #define HAVE_INTTYPES_H 1
| #define HAVE_STDINT_H 1
| #define HAVE_STRINGS_H 1
| #define HAVE_SYS_STAT_H 1
| #define HAVE_SYS_TYPES_H 1
| #define HAVE_UNISTD_H 1
| #define STDC_HEADERS 1
| #define HAVE_DLFCN_H 1
| #define LT_OBJDIR ".libs/"
| #define HAVE_STDLIB_H 1
| #define HAVE_STRING_H 1
| #define HAVE_MATH_H 1
| #define HAVE_LIMITS_H 1
| #define _LARGEFILE_SOURCE 1
| #define _FILE_OFFSET_BITS 64
| #define CFITSIO_HAVE_CURL 1
| #define HAVE_LIBZ 1
| #define HAVE_FTRUNCATE 1
| #define HAVE_LONGLONG 1
| #define HAVE_SHMEM_SERVICES 1
| /* end confdefs.h.  */
| #include <sys/flock.h>
| 
| int
| main (void)
| {
| 
|    flock_t filler;
| 
|   ;
|   return 0;
| }
configure:18915: result: no
configure:18988: checking whether union semun is defined
configure:19006: gcc -c -g -O2 -Dg77Fortran  conftest.c >&5
conftest.c: In function 'main':
conftest.c:42:13: error: storage size of 'filler' isn't known
 union semun filler;
             ^~~~~~
configure:19006: $? = 1
configure: failed program was:
| /* confdefs.h */
| #define PACKAGE_NAME "cfitsio"
| #define PACKAGE_TARNAME "cfitsio"
| #define PACKAGE_VERSION "4.6.2"
| #define PACKAGE_STRING "cfitsio 4.6.2"
| #define PACKAGE_BUGREPORT ""
| #define PACKAGE_URL ""
| #define PACKAGE "cfitsio"
| #define VERSION "4.6.2"
| #define HAVE_STDIO_H 1
| #define HAVE_STDLIB_H 1
| #define HAVE_STRING_H 1
| #define HAVE_INTTYPES_H 1
| #define HAVE_STDINT_H 1
| #define HAVE_STRINGS_H 1
| #define HAVE_SYS_STAT_H 1
| #define HAVE_SYS_TYPES_H 1
| #define HAVE_UNISTD_H 1
| #define STDC_HEADERS 1
| #define HAVE_DLFCN_H 1
| #define LT_OBJDIR ".libs/"
| #define HAVE_STDLIB_H 1
| #define HAVE_STRING_H 1
| #define HAVE_MATH_H 1
| #define HAVE_LIMITS_H 1
| #define _LARGEFILE_SOURCE 1
| #define _FILE_OFFSET_BITS 64
| #define CFITSIO_HAVE_CURL 1
| #define HAVE_LIBZ 1
| #define HAVE_FTRUNCATE 1
| #define HAVE_LONGLONG 1
| #define HAVE_SHMEM_SERVICES 1
| /* end confdefs.h.  */
| #include <sys/ipc.h>
| #include <sys/shm.h>
| #include <sys/sem.h>
| 
| int
| main (void)
| {
| 
| union semun filler;
| 
|   ;
|   return 0;
| }
configure:19015: result: no
configure:19025: checking for fmemopen
configure:19025: gcc -o conftest -g -O2 -Dg77Fortran   conftest.c -lz  >&5
configure:19025: $? = 0
configure:19025: result: yes
configure:19040: checking for library containing gethostbyname
configure:19076: gcc -o conftest -g -O2 -Dg77Fortran   conftest.c -lz  >&5
configure:19076: $? = 0
configure:19098: result: none required
configure:19110: checking for library containing connect
configure:19146: gcc -o conftest -g -O2 -Dg77Fortran   conftest.c -lz  >&5
configure:19146: $? = 0
configure:19168: result: none required
configure:19333: checking that generated files are newer than configure
configure:19339: result: done
configure:19394: creating ./config.status

## ---------------------- ##
## Running config.status. ##
## ---------------------- ##

This file was extended by cfitsio config.status 4.6.2, which was
generated by GNU Autoconf 2.72.  Invocation command line was

  CONFIG_FILES    = 
  CONFIG_HEADERS  = 
  CONFIG_LINKS    = 
  CONFIG_COMMANDS = 
  $ ./config.status 

on iht32-1506.engr.wustl.edu

config.status:1083: creating Makefile
config.status:1255: executing depfiles commands
config.status:1332: cd .       && sed -e '/# am--include-marker/d' Makefile         | make -f - am--depfiles
make: Nothing to be done for 'am--depfiles'.
config.status:1337: $? = 0
config.status:1255: executing libtool commands
configure:21718: checking that generated files are newer than configure
configure:21724: result: done
configure:21783: creating ./config.status

## ---------------------- ##
## Running config.status. ##
## ---------------------- ##

This file was extended by cfitsio config.status 4.6.2, which was
generated by GNU Autoconf 2.72.  Invocation command line was

  CONFIG_FILES    = 
  CONFIG_HEADERS  = 
  CONFIG_LINKS    = 
  CONFIG_COMMANDS = 
  $ ./config.status 

on iht32-1506.engr.wustl.edu

config.status:1085: creating Makefile
config.status:1085: creating cfitsio.pc
config.status:1257: executing depfiles commands
config.status:1334: cd .       && sed -e '/# am--include-marker/d' Makefile         | make -f - am--depfiles
make: Nothing to be done for 'am--depfiles'.
config.status:1339: $? = 0
config.status:1257: executing libtool commands
configure:23966: result: 
configure:23968: result:     Congratulations, Makefile update was successful.
configure:23970: result:     You may want to run make now.
configure:23972: result: 

## ---------------- ##
## Cache variables. ##
## ---------------- ##

ac_cv_build=x86_64-pc-linux-gnu
ac_cv_c_compiler_gnu=yes
ac_cv_env_CC_set=
ac_cv_env_CC_value=
ac_cv_env_CFLAGS_set=
ac_cv_env_CFLAGS_value=
ac_cv_env_CPPFLAGS_set=
ac_cv_env_CPPFLAGS_value=
ac_cv_env_F77_set=
ac_cv_env_F77_value=
ac_cv_env_FFLAGS_set=
ac_cv_env_FFLAGS_value=
ac_cv_env_LDFLAGS_set=
ac_cv_env_LDFLAGS_value=
ac_cv_env_LIBS_set=
ac_cv_env_LIBS_value=
ac_cv_env_LT_SYS_LIBRARY_PATH_set=
ac_cv_env_LT_SYS_LIBRARY_PATH_value=
ac_cv_env_build_alias_set=
ac_cv_env_build_alias_value=
ac_cv_env_host_alias_set=
ac_cv_env_host_alias_value=
ac_cv_env_target_alias_set=
ac_cv_env_target_alias_value=
ac_cv_f77_compiler_gnu=yes
ac_cv_func_fmemopen=yes
ac_cv_header_dlfcn_h=yes
ac_cv_header_inttypes_h=yes
ac_cv_header_limits_h=yes
ac_cv_header_math_h=yes
ac_cv_header_stdint_h=yes
ac_cv_header_stdio_h=yes
ac_cv_header_stdlib_h=yes
ac_cv_header_string_h=yes
ac_cv_header_strings_h=yes
ac_cv_header_sys_stat_h=yes
ac_cv_header_sys_types_h=yes
ac_cv_header_unistd_h=yes
ac_cv_host=x86_64-pc-linux-gnu
ac_cv_lib_z_inflateEnd=yes
ac_cv_objext=o
ac_cv_path_CURLCONFIG=/usr/bin/curl-config
ac_cv_path_EGREP='/usr/bin/grep -E'
ac_cv_path_EGREP_TRADITIONAL='/usr/bin/grep -E'
ac_cv_path_FGREP='/usr/bin/grep -F'
ac_cv_path_GREP=/usr/bin/grep
ac_cv_path_SED=/usr/bin/sed
ac_cv_path_install='/usr/bin/install -c'
ac_cv_path_lt_DD=/usr/bin/dd
ac_cv_path_mkdir=/usr/bin/mkdir
ac_cv_prog_AR=ar
ac_cv_prog_AWK=gawk
ac_cv_prog_ac_ct_AR=ar
ac_cv_prog_ac_ct_CC=gcc
ac_cv_prog_ac_ct_F77=gfortran
ac_cv_prog_ac_ct_FILECMD=file
ac_cv_prog_ac_ct_OBJDUMP=objdump
ac_cv_prog_ac_ct_RANLIB=ranlib
ac_cv_prog_ac_ct_STRIP=strip
ac_cv_prog_cc_c11=
ac_cv_prog_cc_g=yes
ac_cv_prog_cc_stdc=
ac_cv_prog_f77_g=yes
ac_cv_prog_make_make_set=yes
ac_cv_search_connect='none required'
ac_cv_search_gethostbyname='none required'
ac_cv_target=x86_64-pc-linux-gnu
am_cv_CC_dependencies_compiler_type=gcc3
am_cv_filesystem_timestamp_resolution=0.01
am_cv_make_support_nested_variables=yes
am_cv_prog_cc_c_o=yes
am_cv_sleep_fractional_seconds=yes
am_cv_xargs_n_works=yes
lt_cv_ar_at_file=@
lt_cv_archive_cmds_need_lc=no
lt_cv_deplibs_check_method=pass_all
lt_cv_file_magic_cmd='$MAGIC_CMD'
lt_cv_file_magic_test_file=
lt_cv_ld_reload_flag=-r
lt_cv_nm_interface='BSD nm'
lt_cv_objdir=.libs
lt_cv_path_LD=/usr/bin/ld
lt_cv_path_NM='/usr/bin/nm -B'
lt_cv_path_mainfest_tool=no
lt_cv_prog_compiler_c_o=yes
lt_cv_prog_compiler_c_o_F77=yes
lt_cv_prog_compiler_pic='-fPIC -DPIC'
lt_cv_prog_compiler_pic_F77=-fPIC
lt_cv_prog_compiler_pic_works=yes
lt_cv_prog_compiler_pic_works_F77=yes
lt_cv_prog_compiler_rtti_exceptions=no
lt_cv_prog_compiler_static_works=yes
lt_cv_prog_compiler_static_works_F77=no
lt_cv_prog_gnu_ld=yes
lt_cv_sharedlib_from_linklib_cmd='printf %s\n'
lt_cv_shlibpath_overrides_runpath=no
lt_cv_sys_global_symbol_pipe='/usr/bin/sed -n -e '\''s/^.*[	 ]\([ABCDGIRSTW][ABCDGIRSTW]*\)[	 ][	 ]*\([_A-Za-z][_A-Za-z0-9]*\)$/\1 \2 \2/p'\'' | /usr/bin/sed '\''/ __gnu_lto/d'\'''
lt_cv_sys_global_symbol_to_c_name_address='/usr/bin/sed -n -e '\''s/^: \(.*\) .*$/  {"\1", (void *) 0},/p'\'' -e '\''s/^[ABCDGIRSTW][ABCDGIRSTW]* .* \(.*\)$/  {"\1", (void *) \&\1},/p'\'''
lt_cv_sys_global_symbol_to_c_name_address_lib_prefix='/usr/bin/sed -n -e '\''s/^: \(.*\) .*$/  {"\1", (void *) 0},/p'\'' -e '\''s/^[ABCDGIRSTW][ABCDGIRSTW]* .* \(lib.*\)$/  {"\1", (void *) \&\1},/p'\'' -e '\''s/^[ABCDGIRSTW][ABCDGIRSTW]* .* \(.*\)$/  {"lib\1", (void *) \&\1},/p'\'''
lt_cv_sys_global_symbol_to_cdecl='/usr/bin/sed -n -e '\''s/^T .* \(.*\)$/extern int \1();/p'\'' -e '\''s/^[ABCDGIRSTW][ABCDGIRSTW]* .* \(.*\)$/extern char \1;/p'\'''
lt_cv_sys_global_symbol_to_import=
lt_cv_sys_max_cmd_len=3458764513820540925
lt_cv_to_host_file_cmd=func_convert_file_noop
lt_cv_to_tool_file_cmd=func_convert_file_noop
lt_cv_truncate_bin='/usr/bin/dd bs=4096 count=1'

## ----------------- ##
## Output variables. ##
## ----------------- ##

ACLOCAL='${SHELL} '\''/home/warehouse/n.nhan/cse4059/healpix_cuda/src/cfitsio-4.6.2/config/missing'\'' aclocal-1.17'
AMDEPBACKSLASH='\'
AMDEP_FALSE='#'
AMDEP_TRUE=''
AMTAR='$${TAR-tar}'
AM_BACKSLASH='\'
AM_DEFAULT_V='$(AM_DEFAULT_VERBOSITY)'
AM_DEFAULT_VERBOSITY='1'
AM_V='$(V)'
AR='ar'
ARCH='linux'
ARCHIVE='ar rv'
AUTOCONF='${SHELL} '\''/home/warehouse/n.nhan/cse4059/healpix_cuda/src/cfitsio-4.6.2/config/missing'\'' autoconf'
AUTOHEADER='${SHELL} '\''/home/warehouse/n.nhan/cse4059/healpix_cuda/src/cfitsio-4.6.2/config/missing'\'' autoheader'
AUTOMAKE='${SHELL} '\''/home/warehouse/n.nhan/cse4059/healpix_cuda/src/cfitsio-4.6.2/config/missing'\'' automake-1.17'
AWK='gawk'
CC='gcc'
CCDEPMODE='depmode=gcc3'
CFLAGS='-g -O2 -Dg77Fortran'
CPPFLAGS=''
CSCOPE='cscope'
CTAGS='ctags'
CURLCONFIG='/usr/bin/curl-config'
CYGPATH_W='echo'
DEFS='-DPACKAGE_NAME=\"cfitsio\" -DPACKAGE_TARNAME=\"cfitsio\" -DPACKAGE_VERSION=\"4.6.2\" -DPACKAGE_STRING=\"cfitsio\ 4.6.2\" -DPACKAGE_BUGREPORT=\"\" -DPACKAGE_URL=\"\" -DPACKAGE=\"cfitsio\" -DVERSION=\"4.6.2\" -DHAVE_STDIO_H=1 -DHAVE_STDLIB_H=1 -DHAVE_STRING_H=1 -DHAVE_INTTYPES_H=1 -DHAVE_STDINT_H=1 -DHAVE_STRINGS_H=1 -DHAVE_SYS_STAT_H=1 -DHAVE_SYS_TYPES_H=1 -DHAVE_UNISTD_H=1 -DSTDC_HEADERS=1 -DHAVE_DLFCN_H=1 -DLT_OBJDIR=\".libs/\" -DHAVE_STDLIB_H=1 -DHAVE_STRING_H=1 -DHAVE_MATH_H=1 -DHAVE_LIMITS_H=1 -D_LARGEFILE_SOURCE=1 -D_FILE_OFFSET_BITS=64 -DCFITSIO_HAVE_CURL=1 -DHAVE_LIBZ=1 -DHAVE_FTRUNCATE=1 -DHAVE_LONGLONG=1 -DHAVE_SHMEM_SERVICES=1 -DHAVE_FMEMOPEN=1 -DHAVE_NET_SERVICES=1'
DEPDIR='.deps'
DLLTOOL='false'
DSYMUTIL=''
DUMPBIN=''
ECHO_C=''
ECHO_N='-n'
ECHO_T=''
EGREP='/usr/bin/grep -E'
ETAGS='etags'
EXEEXT=''
F77='gfortran'
FC=''
FFLAGS='-g -O2'
FGREP='/usr/bin/grep -F'
FILECMD='file'
GCCVERSION='8'
GREP='/usr/bin/grep'
INSTALL_DATA='${INSTALL} -m 644'
INSTALL_PROGRAM='${INSTALL}'
INSTALL_ROOT='${prefix}'
INSTALL_SCRIPT='${INSTALL}'
INSTALL_STRIP_PROGRAM='$(install_sh) -c -s'
LD='/usr/bin/ld -m elf_x86_64'
LDFLAGS=''
LIBOBJS=''
LIBPRE=''
LIBS='-lz '
LIBS_CURL='-lcurl'
LIBTOOL='$(SHELL) $(top_builddir)/libtool'
LIPO=''
LN_S='ln -s'
LTLIBOBJS=''
LT_SYS_LIBRARY_PATH=''
MAINT='#'
MAINTAINER_MODE_FALSE=''
MAINTAINER_MODE_TRUE='#'
MAKEINFO='${SHELL} '\''/home/warehouse/n.nhan/cse4059/healpix_cuda/src/cfitsio-4.6.2/config/missing'\'' makeinfo'
MANIFEST_TOOL=':'
MKDIR_P='/usr/bin/mkdir -p'
NM='/usr/bin/nm -B'
NMEDIT=''
NOFORTRAN_FALSE=''
NOFORTRAN_TRUE='#'
NOGSIFTP_FALSE='#'
NOGSIFTP_TRUE=''
OBJDUMP='objdump'
OBJEXT='o'
OTOOL64=''
OTOOL=''
PACKAGE='cfitsio'
PACKAGE_BUGREPORT=''
PACKAGE_NAME='cfitsio'
PACKAGE_STRING='cfitsio 4.6.2'
PACKAGE_TARNAME='cfitsio'
PACKAGE_URL=''
PACKAGE_VERSION='4.6.2'
PATH_SEPARATOR=':'
RANLIB='ranlib'
SED='/usr/bin/sed'
SET_MAKE=''
SHELL='/bin/sh'
SSE_FLAGS=''
STRIP='strip'
VERSION='4.6.2'
ac_ct_AR='ar'
ac_ct_CC='gcc'
ac_ct_DUMPBIN=''
ac_ct_F77='gfortran'
am__EXEEXT_FALSE=''
am__EXEEXT_TRUE='#'
am__fastdepCC_FALSE='#'
am__fastdepCC_TRUE=''
am__include='include'
am__isrc=''
am__leading_dot='.'
am__nodep='_no'
am__quote=''
am__rm_f_notfound=''
am__tar='$${TAR-tar} chof - "$$tardir"'
am__untar='$${TAR-tar} xf -'
am__xargs_n='xargs -n'
bindir='${exec_prefix}/bin'
build='x86_64-pc-linux-gnu'
build_alias=''
build_cpu='x86_64'
build_os='linux-gnu'
build_vendor='pc'
datadir='${datarootdir}'
datarootdir='${prefix}/share'
docdir='${datarootdir}/doc/${PACKAGE_TARNAME}'
dvidir='${docdir}'
exec_prefix='${prefix}'
host='x86_64-pc-linux-gnu'
host_alias=''
host_cpu='x86_64'
host_os='linux-gnu'
host_vendor='pc'
htmldir='${docdir}'
includedir='${prefix}/include'
infodir='${datarootdir}/info'
install_sh='${SHELL} /home/warehouse/n.nhan/cse4059/healpix_cuda/src/cfitsio-4.6.2/config/install-sh'
libdir='${exec_prefix}/lib'
libexecdir='${exec_prefix}/libexec'
localedir='${datarootdir}/locale'
localstatedir='${prefix}/var'
mandir='${datarootdir}/man'
mkdir_p='$(MKDIR_P)'
my_shmem='${SOURCES_SHMEM}'
oldincludedir='/usr/include'
pdfdir='${docdir}'
prefix='/home/warehouse/n.nhan/cse4059/healpix_cuda/src/cfitsio-4.6.2'
program_transform_name='s,x,x,'
psdir='${docdir}'
runstatedir='${localstatedir}/run'
sbindir='${exec_prefix}/sbin'
sharedstatedir='${prefix}/com'
sysconfdir='${prefix}/etc'
target='x86_64-pc-linux-gnu'
target_alias=''
target_cpu='x86_64'
target_os='linux-gnu'
target_vendor='pc'
version_info='10'

## ----------- ##
## confdefs.h. ##
## ----------- ##

/* confdefs.h */
#define PACKAGE_NAME "cfitsio"
#define PACKAGE_TARNAME "cfitsio"
#define PACKAGE_VERSION "4.6.2"
#define PACKAGE_STRING "cfitsio 4.6.2"
#define PACKAGE_BUGREPORT ""
#define PACKAGE_URL ""
#define PACKAGE "cfitsio"
#define VERSION "4.6.2"
#define HAVE_STDIO_H 1
#define HAVE_STDLIB_H 1
#define HAVE_STRING_H 1
#define HAVE_INTTYPES_H 1
#define HAVE_STDINT_H 1
#define HAVE_STRINGS_H 1
#define HAVE_SYS_STAT_H 1
#define HAVE_SYS_TYPES_H 1
#define HAVE_UNISTD_H 1
#define STDC_HEADERS 1
#define HAVE_DLFCN_H 1
#define LT_OBJDIR ".libs/"
#define HAVE_STDLIB_H 1
#define HAVE_STRING_H 1
#define HAVE_MATH_H 1
#define HAVE_LIMITS_H 1
#define _LARGEFILE_SOURCE 1
#define _FILE_OFFSET_BITS 64
#define CFITSIO_HAVE_CURL 1
#define HAVE_LIBZ 1
#define HAVE_FTRUNCATE 1
#define HAVE_LONGLONG 1
#define HAVE_SHMEM_SERVICES 1
#define HAVE_FMEMOPEN 1
#define HAVE_NET_SERVICES 1

configure: exit 0
