This file contains any messages produced by compilers while
running configure, to aid debugging if configure makes a mistake.

It was created by healpix_cxx configure 3.83.0, which was
generated by GNU Autoconf 2.72.  Invocation command line was

  $ /home/warehouse/n.nhan/cse4059/healpix_cuda/src/Healpix_3.83/src/cxx/configure --prefix=/home/warehouse/n.nhan/cse4059/healpix_cuda/src/Healpix_3.83 --enable-openmp

## --------- ##
## Platform. ##
## --------- ##

hostname = iht32-1506.engr.wustl.edu
uname -m = x86_64
uname -r = 5.14.0-427.28.1.el9_4.x86_64
uname -s = Linux
uname -v = #1 SMP PREEMPT_DYNAMIC Wed Jul 31 15:28:35 UTC 2024

/usr/bin/uname -p = x86_64
/bin/uname -X     = unknown

/bin/arch              = x86_64
/usr/bin/arch -k       = unknown
/usr/convex/getsysinfo = unknown
/usr/bin/hostinfo      = unknown
/bin/machine           = unknown
/usr/bin/oslevel       = unknown
/bin/universe          = unknown

PATH: /usr/share/Modules/bin/
PATH: /usr/local/sbin/
PATH: /usr/local/bin/
PATH: /usr/sbin/
PATH: /usr/bin/
PATH: /sbin/
PATH: /bin/
PATH: /opt/TurboVNC/bin/
PATH: /project/linuxlab/bin/
PATH: /project/compute/bin/
PATH: /opt/ibm/lsfsuite/lsf/10.1/linux3.10-glibc2.17-x86_64/bin/


## ----------- ##
## Core tests. ##
## ----------- ##

configure:2769: looking for aux files: config.guess config.sub ltmain.sh compile ar-lib missing install-sh
configure:2782:  trying /home/warehouse/n.nhan/cse4059/healpix_cuda/src/Healpix_3.83/src/cxx/
configure:2811:   /home/warehouse/n.nhan/cse4059/healpix_cuda/src/Healpix_3.83/src/cxx/config.guess found
configure:2811:   /home/warehouse/n.nhan/cse4059/healpix_cuda/src/Healpix_3.83/src/cxx/config.sub found
configure:2811:   /home/warehouse/n.nhan/cse4059/healpix_cuda/src/Healpix_3.83/src/cxx/ltmain.sh found
configure:2811:   /home/warehouse/n.nhan/cse4059/healpix_cuda/src/Healpix_3.83/src/cxx/compile found
configure:2811:   /home/warehouse/n.nhan/cse4059/healpix_cuda/src/Healpix_3.83/src/cxx/ar-lib found
configure:2811:   /home/warehouse/n.nhan/cse4059/healpix_cuda/src/Healpix_3.83/src/cxx/missing found
configure:2793:   /home/warehouse/n.nhan/cse4059/healpix_cuda/src/Healpix_3.83/src/cxx/install-sh found
configure:2941: checking for a BSD-compatible install
configure:3015: result: /usr/bin/install -c
configure:3026: checking whether sleep supports fractional seconds
configure:3042: result: yes
configure:3045: checking filesystem timestamp resolution
configure:3180: result: 0.01
configure:3185: checking whether build environment is sane
configure:3226: result: yes
configure:3397: checking for a race-free mkdir -p
configure:3440: result: /usr/bin/mkdir -p
configure:3447: checking for gawk
configure:3468: found /usr/bin/gawk
configure:3480: result: gawk
configure:3491: checking whether make sets $(MAKE)
configure:3515: result: yes
configure:3541: checking whether make supports nested variables
configure:3560: result: yes
configure:3574: checking xargs -n works
configure:3590: result: yes
configure:3689: checking whether to enable maintainer-specific portions of Makefiles
configure:3700: result: yes
configure:3727: checking whether make supports the include directive
configure:3742: make -f confmf.GNU && cat confinc.out
this is the am__doit target
configure:3745: $? = 0
configure:3764: result: yes (GNU style)
configure:3841: checking for gcc
configure:3874: result: gcc
configure:4233: checking for C compiler version
configure:4242: gcc --version >&5
gcc (GCC) 8.5.0 20210514 (Red Hat 8.5.0-22)
Copyright (C) 2018 Free Software Foundation, Inc.
This is free software; see the source for copying conditions.  There is NO
warranty; not even for MERCHANTABILITY or FITNESS FOR A PARTICULAR PURPOSE.

configure:4253: $? = 0
configure:4242: gcc -v >&5
Using built-in specs.
COLLECT_GCC=gcc
COLLECT_LTO_WRAPPER=/usr/libexec/gcc/x86_64-redhat-linux/8/lto-wrapper
OFFLOAD_TARGET_NAMES=nvptx-none
OFFLOAD_TARGET_DEFAULT=1
Target: x86_64-redhat-linux
Configured with: ../configure --enable-bootstrap --enable-languages=c,c++,fortran,lto --prefix=/usr --mandir=/usr/share/man --infodir=/usr/share/info --with-bugurl=https://bugs.rockylinux.org/ --enable-shared --enable-threads=posix --enable-checking=release --enable-multilib --with-system-zlib --enable-__cxa_atexit --disable-libunwind-exceptions --enable-gnu-unique-object --enable-linker-build-id --with-gcc-major-version-only --with-linker-hash-style=gnu --enable-plugin --enable-initfini-array --with-isl --disable-libmpx --enable-offload-targets=nvptx-none --without-cuda-driver --enable-gnu-indirect-function --enable-cet --with-tune=generic --with-arch_32=x86-64 --build=x86_64-redhat-linux
Thread model: posix
gcc version 8.5.0 20210514 (Red Hat 8.5.0-22) (GCC) 
configure:4253: $? = 0
configure:4242: gcc -V >&5
gcc: error: unrecognized command line option '-V'
gcc: fatal error: no input files
compilation terminated.
configure:4253: $? = 1
configure:4242: gcc -qversion >&5
gcc: error: unrecognized command line option '-qversion'; did you mean '--version'?
gcc: fatal error: no input files
compilation terminated.
configure:4253: $? = 1
configure:4242: gcc -version >&5
gcc: error: unrecognized command line option '-version'
gcc: fatal error: no input files
compilation terminated.
configure:4253: $? = 1
configure:4273: checking whether the C compiler works
configure:4295: gcc -O3   conftest.c  >&5
configure:4299: $? = 0
configure:4350: result: yes
configure:4354: checking for C compiler default output file name
configure:4356: result: a.out
configure:4362: checking for suffix of executables
configure:4369: gcc -o conftest -O3   conftest.c  >&5
configure:4373: $? = 0
configure:4397: result: 
configure:4421: checking whether we are cross compiling
configure:4429: gcc -o conftest -O3   conftest.c  >&5
configure:4433: $? = 0
configure:4440: ./conftest
configure:4444: $? = 0
configure:4459: result: no
configure:4465: checking for suffix of object files
configure:4488: gcc -c -O3  conftest.c >&5
configure:4492: $? = 0
configure:4516: result: o
configure:4520: checking whether the compiler supports GNU C
configure:4540: gcc -c -O3  conftest.c >&5
configure:4540: $? = 0
configure:4552: result: yes
configure:4563: checking whether gcc accepts -g
configure:4584: gcc -c -g  conftest.c >&5
configure:4584: $? = 0
configure:4631: result: yes
configure:4651: checking for gcc option to enable C11 features
configure:4666: gcc  -c -O3  conftest.c >&5
configure:4666: $? = 0
configure:4685: result: none needed
configure:4809: checking whether gcc understands -c and -o together
configure:4832: gcc -c conftest.c -o conftest2.o
configure:4835: $? = 0
configure:4832: gcc -c conftest.c -o conftest2.o
configure:4835: $? = 0
configure:4848: result: yes
configure:4867: checking dependency style of gcc
configure:4980: result: gcc3
configure:5052: checking for ar
configure:5073: found /usr/bin/ar
configure:5085: result: ar
configure:5112: checking the archiver (ar) interface
configure:5129: gcc -c -O3  conftest.c >&5
configure:5129: $? = 0
configure:5132: ar cr libconftest.a conftest.o >&5
configure:5135: $? = 0
configure:5164: result: ar
configure:5217: checking build system type
configure:5233: result: x86_64-pc-linux-gnu
configure:5253: checking host system type
configure:5268: result: x86_64-pc-linux-gnu
configure:5309: checking how to print strings
configure:5336: result: printf
configure:5357: checking for a sed that does not truncate output
configure:5429: result: /usr/bin/sed
configure:5447: checking for grep that handles long lines and -e
configure:5513: result: /usr/bin/grep
configure:5518: checking for egrep
configure:5588: result: /usr/bin/grep -E
configure:5595: checking for fgrep
configure:5665: result: /usr/bin/grep -F
configure:5702: checking for ld used by gcc
configure:5771: result: /usr/bin/ld
configure:5778: checking if the linker (/usr/bin/ld) is GNU ld
configure:5795: result: yes
configure:5807: checking for BSD- or MS-compatible name lister (nm)
configure:5863: result: /usr/bin/nm -B
configure:6005: checking the name lister (/usr/bin/nm -B) interface
configure:6013: gcc -c -O3  conftest.c >&5
configure:6016: /usr/bin/nm -B "conftest.o"
configure:6019: output
0000000000000000 B some_variable
configure:6027: result: BSD nm
configure:6030: checking whether ln -s works
configure:6034: result: yes
configure:6042: checking the maximum length of command line arguments
configure:6175: result: 3458764513820540925
configure:6223: checking how to convert x86_64-pc-linux-gnu file names to x86_64-pc-linux-gnu format
configure:6265: result: func_convert_file_noop
configure:6272: checking how to convert x86_64-pc-linux-gnu file names to toolchain format
configure:6294: result: func_convert_file_noop
configure:6301: checking for /usr/bin/ld option to reload object files
configure:6310: result: -r
configure:6390: checking for objdump
configure:6411: found /usr/bin/objdump
configure:6423: result: objdump
configure:6455: checking how to recognize dependent libraries
configure:6657: result: pass_all
configure:6748: checking for dlltool
configure:6784: result: no
configure:6814: checking how to associate runtime and link libraries
configure:6843: result: printf %s\n
configure:6979: checking for archiver @FILE support
configure:6997: gcc -c -O3  conftest.c >&5
configure:6997: $? = 0
configure:7001: ar cru libconftest.a @conftest.lst >&5
configure:7004: $? = 0
configure:7009: ar cru libconftest.a @conftest.lst >&5
ar: conftest.o: No such file or directory
configure:7012: $? = 1
configure:7025: result: @
configure:7089: checking for strip
configure:7110: found /usr/bin/strip
configure:7122: result: strip
configure:7200: checking for ranlib
configure:7221: found /usr/bin/ranlib
configure:7233: result: ranlib
configure:7335: checking command to parse /usr/bin/nm -B output from gcc object
configure:7489: gcc -c -O3  conftest.c >&5
configure:7492: $? = 0
configure:7496: /usr/bin/nm -B conftest.o \| sed -n -e 's/^.*[ ]\([ABCDGIRSTW][ABCDGIRSTW]*\)[ ][ ]*\([_A-Za-z][_A-Za-z0-9]*\)$/\1 \2 \2/p' | sed '/ __gnu_lto/d' \> conftest.nm
configure:7499: $? = 0
configure:7565: gcc -o conftest -O3   conftest.c conftstm.o >&5
configure:7568: $? = 0
configure:7607: result: ok
configure:7654: checking for sysroot
configure:7686: result: no
configure:7693: checking for a working dd
configure:7738: result: /usr/bin/dd
configure:7742: checking how to truncate binary pipes
configure:7759: result: /usr/bin/dd bs=4096 count=1
configure:7896: gcc -c -O3  conftest.c >&5
configure:7899: $? = 0
configure:8099: checking for mt
configure:8135: result: no
configure:8155: checking if : is a manifest tool
configure:8162: : '-?'
configure:8171: result: no
configure:8910: checking for stdio.h
configure:8910: gcc -c -O3  conftest.c >&5
configure:8910: $? = 0
configure:8910: result: yes
configure:8910: checking for stdlib.h
configure:8910: gcc -c -O3  conftest.c >&5
configure:8910: $? = 0
configure:8910: result: yes
configure:8910: checking for string.h
configure:8910: gcc -c -O3  conftest.c >&5
configure:8910: $? = 0
configure:8910: result: yes
configure:8910: checking for inttypes.h
configure:8910: gcc -c -O3  conftest.c >&5
configure:8910: $? = 0
configure:8910: result: yes
configure:8910: checking for stdint.h
configure:8910: gcc -c -O3  conftest.c >&5
configure:8910: $? = 0
configure:8910: result: yes
configure:8910: checking for strings.h
configure:8910: gcc -c -O3  conftest.c >&5
configure:8910: $? = 0
configure:8910: result: yes
configure:8910: checking for sys/stat.h
configure:8910: gcc -c -O3  conftest.c >&5
configure:8910: $? = 0
configure:8910: result: yes
configure:8910: checking for sys/types.h
configure:8910: gcc -c -O3  conftest.c >&5
configure:8910: $? = 0
configure:8910: result: yes
configure:8910: checking for unistd.h
configure:8910: gcc -c -O3  conftest.c >&5
configure:8910: $? = 0
configure:8910: result: yes
configure:8935: checking for dlfcn.h
configure:8935: gcc -c -O3  conftest.c >&5
configure:8935: $? = 0
configure:8935: result: yes
configure:9200: checking for objdir
configure:9217: result: .libs
configure:9483: checking if gcc supports -fno-rtti -fno-exceptions
configure:9502: gcc -c -O3  -fno-rtti -fno-exceptions conftest.c >&5
cc1: warning: command line option '-fno-rtti' is valid for C++/ObjC++ but not for C
configure:9506: $? = 0
configure:9520: result: no
configure:9878: checking for gcc option to produce PIC
configure:9887: result: -fPIC -DPIC
configure:9895: checking if gcc PIC flag -fPIC -DPIC works
configure:9914: gcc -c -O3  -fPIC -DPIC -DPIC conftest.c >&5
configure:9918: $? = 0
configure:9932: result: yes
configure:9961: checking if gcc static flag -static works
configure:9991: result: yes
configure:10006: checking if gcc supports -c -o file.o
configure:10028: gcc -c -O3  -o out/conftest2.o conftest.c >&5
configure:10032: $? = 0
configure:10055: result: yes
configure:10063: checking if gcc supports -c -o file.o
configure:10112: result: yes
configure:10145: checking whether the gcc linker (/usr/bin/ld -m elf_x86_64) supports shared libraries
configure:11416: result: yes
configure:11453: checking whether -lc should be explicitly linked in
configure:11462: gcc -c -O3  conftest.c >&5
configure:11465: $? = 0
configure:11480: gcc -shared  -fPIC -DPIC conftest.o  -v -Wl,-soname -Wl,conftest -o conftest 2\>\&1 \| /usr/bin/grep  -lc  \>/dev/null 2\>\&1
configure:11483: $? = 0
configure:11498: result: no
configure:11658: checking dynamic linker characteristics
configure:12240: gcc -o conftest -O3   -Wl,-rpath -Wl,/foo conftest.c  >&5
/usr/bin/ld: cannot open output file conftest: Is a directory
collect2: error: ld returned 1 exit status
configure:12240: $? = 1
configure: failed program was:
| /* confdefs.h */
| #define PACKAGE_NAME "healpix_cxx"
| #define PACKAGE_TARNAME "healpix_cxx"
| #define PACKAGE_VERSION "3.83.0"
| #define PACKAGE_STRING "healpix_cxx 3.83.0"
| #define PACKAGE_BUGREPORT ""
| #define PACKAGE_URL ""
| #define PACKAGE "healpix_cxx"
| #define VERSION "3.83.0"
| #define HAVE_STDIO_H 1
| #define HAVE_STDLIB_H 1
| #define HAVE_STRING_H 1
| #define HAVE_INTTYPES_H 1
| #define HAVE_STDINT_H 1
| #define HAVE_STRINGS_H 1
| #define HAVE_SYS_STAT_H 1
| #define HAVE_SYS_TYPES_H 1
| #define HAVE_UNISTD_H 1
| #define STDC_HEADERS 1
| #define HAVE_DLFCN_H 1
| #define LT_OBJDIR ".libs/"
| /* end confdefs.h.  */
| 
| int
| main (void)
| {
| 
|   ;
|   return 0;
| }
configure:12480: result: GNU/Linux ld.so
configure:12602: checking how to hardcode library paths into programs
configure:12627: result: immediate
configure:13227: checking whether stripping libraries is possible
configure:13232: result: yes
configure:13267: checking if libtool supports shared libraries
configure:13269: result: yes
configure:13272: checking whether to build shared libraries
configure:13297: result: yes
configure:13300: checking whether to build static libraries
configure:13304: result: yes
configure:13402: checking for gcc
configure:13435: result: gcc
configure:13794: checking for C compiler version
configure:13803: gcc --version >&5
gcc (GCC) 8.5.0 20210514 (Red Hat 8.5.0-22)
Copyright (C) 2018 Free Software Foundation, Inc.
This is free software; see the source for copying conditions.  There is NO
warranty; not even for MERCHANTABILITY or FITNESS FOR A PARTICULAR PURPOSE.

configure:13814: $? = 0
configure:13803: gcc -v >&5
Using built-in specs.
COLLECT_GCC=gcc
COLLECT_LTO_WRAPPER=/usr/libexec/gcc/x86_64-redhat-linux/8/lto-wrapper
OFFLOAD_TARGET_NAMES=nvptx-none
OFFLOAD_TARGET_DEFAULT=1
Target: x86_64-redhat-linux
Configured with: ../configure --enable-bootstrap --enable-languages=c,c++,fortran,lto --prefix=/usr --mandir=/usr/share/man --infodir=/usr/share/info --with-bugurl=https://bugs.rockylinux.org/ --enable-shared --enable-threads=posix --enable-checking=release --enable-multilib --with-system-zlib --enable-__cxa_atexit --disable-libunwind-exceptions --enable-gnu-unique-object --enable-linker-build-id --with-gcc-major-version-only --with-linker-hash-style=gnu --enable-plugin --enable-initfini-array --with-isl --disable-libmpx --enable-offload-targets=nvptx-none --without-cuda-driver --enable-gnu-indirect-function --enable-cet --with-tune=generic --with-arch_32=x86-64 --build=x86_64-redhat-linux
Thread model: posix
gcc version 8.5.0 20210514 (Red Hat 8.5.0-22) (GCC) 
configure:13814: $? = 0
configure:13803: gcc -V >&5
gcc: error: unrecognized command line option '-V'
gcc: fatal error: no input files
compilation terminated.
configure:13814: $? = 1
configure:13803: gcc -qversion >&5
gcc: error: unrecognized command line option '-qversion'; did you mean '--version'?
gcc: fatal error: no input files
compilation terminated.
configure:13814: $? = 1
configure:13803: gcc -version >&5
gcc: error: unrecognized command line option '-version'
gcc: fatal error: no input files
compilation terminated.
configure:13814: $? = 1
configure:13818: checking whether the compiler supports GNU C
configure:13850: result: yes
configure:13861: checking whether gcc accepts -g
configure:13929: result: yes
configure:13949: checking for gcc option to enable C11 features
configure:13983: result: none needed
configure:14107: checking whether gcc understands -c and -o together
configure:14146: result: yes
configure:14165: checking dependency style of gcc
configure:14278: result: gcc3
configure:14304: checking for gcc option to support OpenMP
configure:14326: gcc -c -O3   conftest.c >&5
conftest.c:25:2: error: #error "OpenMP not supported"
 #error "OpenMP not supported"
  ^~~~~
configure:14326: $? = 1
configure: failed program was:
| /* confdefs.h */
| #define PACKAGE_NAME "healpix_cxx"
| #define PACKAGE_TARNAME "healpix_cxx"
| #define PACKAGE_VERSION "3.83.0"
| #define PACKAGE_STRING "healpix_cxx 3.83.0"
| #define PACKAGE_BUGREPORT ""
| #define PACKAGE_URL ""
| #define PACKAGE "healpix_cxx"
| #define VERSION "3.83.0"
| #define HAVE_STDIO_H 1
| #define HAVE_STDLIB_H 1
| #define HAVE_STRING_H 1
| #define HAVE_INTTYPES_H 1
| #define HAVE_STDINT_H 1
| #define HAVE_STRINGS_H 1
| #define HAVE_SYS_STAT_H 1
| #define HAVE_SYS_TYPES_H 1
| #define HAVE_UNISTD_H 1
| #define STDC_HEADERS 1
| #define HAVE_DLFCN_H 1
| #define LT_OBJDIR ".libs/"
| /* end confdefs.h.  */
| 
| #ifndef _OPENMP
| #error "OpenMP not supported"
| #endif
| #include <omp.h>
| int main (void) { return omp_get_num_threads (); }
| 
configure:14326: gcc -c -O3 -fopenmp  conftest.c >&5
configure:14326: $? = 0
configure:14338: gcc -o conftest -O3 -fopenmp   conftest.c  >&5
/usr/bin/ld: cannot open output file conftest: Is a directory
collect2: error: ld returned 1 exit status
configure:14338: $? = 1
configure: failed program was:
| /* confdefs.h */
| #define PACKAGE_NAME "healpix_cxx"
| #define PACKAGE_TARNAME "healpix_cxx"
| #define PACKAGE_VERSION "3.83.0"
| #define PACKAGE_STRING "healpix_cxx 3.83.0"
| #define PACKAGE_BUGREPORT ""
| #define PACKAGE_URL ""
| #define PACKAGE "healpix_cxx"
| #define VERSION "3.83.0"
| #define HAVE_STDIO_H 1
| #define HAVE_STDLIB_H 1
| #define HAVE_STRING_H 1
| #define HAVE_INTTYPES_H 1
| #define HAVE_STDINT_H 1
| #define HAVE_STRINGS_H 1
| #define HAVE_SYS_STAT_H 1
| #define HAVE_SYS_TYPES_H 1
| #define HAVE_UNISTD_H 1
| #define STDC_HEADERS 1
| #define HAVE_DLFCN_H 1
| #define LT_OBJDIR ".libs/"
| /* end confdefs.h.  */
| 
| #ifndef _OPENMP
| #error "OpenMP not supported"
| #endif
| #include <omp.h>
| int main (void) { return omp_get_num_threads (); }
| 
configure:14363: result: unsupported
configure:14505: checking for C++ compiler version
configure:14514: g++ --version >&5
g++ (GCC) 8.5.0 20210514 (Red Hat 8.5.0-22)
Copyright (C) 2018 Free Software Foundation, Inc.
This is free software; see the source for copying conditions.  There is NO
warranty; not even for MERCHANTABILITY or FITNESS FOR A PARTICULAR PURPOSE.

configure:14525: $? = 0
configure:14514: g++ -v >&5
Using built-in specs.
COLLECT_GCC=g++
COLLECT_LTO_WRAPPER=/usr/libexec/gcc/x86_64-redhat-linux/8/lto-wrapper
OFFLOAD_TARGET_NAMES=nvptx-none
OFFLOAD_TARGET_DEFAULT=1
Target: x86_64-redhat-linux
Configured with: ../configure --enable-bootstrap --enable-languages=c,c++,fortran,lto --prefix=/usr --mandir=/usr/share/man --infodir=/usr/share/info --with-bugurl=https://bugs.rockylinux.org/ --enable-shared --enable-threads=posix --enable-checking=release --enable-multilib --with-system-zlib --enable-__cxa_atexit --disable-libunwind-exceptions --enable-gnu-unique-object --enable-linker-build-id --with-gcc-major-version-only --with-linker-hash-style=gnu --enable-plugin --enable-initfini-array --with-isl --disable-libmpx --enable-offload-targets=nvptx-none --without-cuda-driver --enable-gnu-indirect-function --enable-cet --with-tune=generic --with-arch_32=x86-64 --build=x86_64-redhat-linux
Thread model: posix
gcc version 8.5.0 20210514 (Red Hat 8.5.0-22) (GCC) 
configure:14525: $? = 0
configure:14514: g++ -V >&5
g++: error: unrecognized command line option '-V'
g++: fatal error: no input files
compilation terminated.
configure:14525: $? = 1
configure:14514: g++ -qversion >&5
g++: error: unrecognized command line option '-qversion'; did you mean '--version'?
g++: fatal error: no input files
compilation terminated.
configure:14525: $? = 1
configure:14529: checking whether the compiler supports GNU C++
configure:14549: g++ -c -O3   conftest.cpp >&5
configure:14549: $? = 0
configure:14561: result: yes
configure:14572: checking whether g++ accepts -g
configure:14593: g++ -c -g   conftest.cpp >&5
configure:14593: $? = 0
configure:14640: result: yes
configure:14660: checking for g++ option to enable C++11 features
configure:14675: g++  -c -O3   conftest.cpp >&5
configure:14675: $? = 0
configure:14694: result: none needed
configure:14765: checking dependency style of g++
configure:14878: result: gcc3
configure:14911: checking how to run the C++ preprocessor
configure:14933: g++ -E   conftest.cpp
configure:14933: $? = 0
configure:14949: g++ -E   conftest.cpp
conftest.cpp:23:10: fatal error: ac_nonexistent.h: No such file or directory
 #include <ac_nonexistent.h>
          ^~~~~~~~~~~~~~~~~~
compilation terminated.
configure:14949: $? = 1
configure: failed program was:
| /* confdefs.h */
| #define PACKAGE_NAME "healpix_cxx"
| #define PACKAGE_TARNAME "healpix_cxx"
| #define PACKAGE_VERSION "3.83.0"
| #define PACKAGE_STRING "healpix_cxx 3.83.0"
| #define PACKAGE_BUGREPORT ""
| #define PACKAGE_URL ""
| #define PACKAGE "healpix_cxx"
| #define VERSION "3.83.0"
| #define HAVE_STDIO_H 1
| #define HAVE_STDLIB_H 1
| #define HAVE_STRING_H 1
| #define HAVE_INTTYPES_H 1
| #define HAVE_STDINT_H 1
| #define HAVE_STRINGS_H 1
| #define HAVE_SYS_STAT_H 1
| #define HAVE_SYS_TYPES_H 1
| #define HAVE_UNISTD_H 1
| #define STDC_HEADERS 1
| #define HAVE_DLFCN_H 1
| #define LT_OBJDIR ".libs/"
| /* end confdefs.h.  */
| #include <ac_nonexistent.h>
configure:14978: result: g++ -E
configure:14992: g++ -E   conftest.cpp
configure:14992: $? = 0
configure:15008: g++ -E   conftest.cpp
conftest.cpp:23:10: fatal error: ac_nonexistent.h: No such file or directory
 #include <ac_nonexistent.h>
          ^~~~~~~~~~~~~~~~~~
compilation terminated.
configure:15008: $? = 1
configure: failed program was:
| /* confdefs.h */
| #define PACKAGE_NAME "healpix_cxx"
| #define PACKAGE_TARNAME "healpix_cxx"
| #define PACKAGE_VERSION "3.83.0"
| #define PACKAGE_STRING "healpix_cxx 3.83.0"
| #define PACKAGE_BUGREPORT ""
| #define PACKAGE_URL ""
| #define PACKAGE "healpix_cxx"
| #define VERSION "3.83.0"
| #define HAVE_STDIO_H 1
| #define HAVE_STDLIB_H 1
| #define HAVE_STRING_H 1
| #define HAVE_INTTYPES_H 1
| #define HAVE_STDINT_H 1
| #define HAVE_STRINGS_H 1
| #define HAVE_SYS_STAT_H 1
| #define HAVE_SYS_TYPES_H 1
| #define HAVE_UNISTD_H 1
| #define STDC_HEADERS 1
| #define HAVE_DLFCN_H 1
| #define LT_OBJDIR ".libs/"
| /* end confdefs.h.  */
| #include <ac_nonexistent.h>
configure:15176: checking for ld used by g++
configure:15245: result: /usr/bin/ld -m elf_x86_64
configure:15252: checking if the linker (/usr/bin/ld -m elf_x86_64) is GNU ld
configure:15269: result: yes
configure:15324: checking whether the g++ linker (/usr/bin/ld -m elf_x86_64) supports shared libraries
configure:16403: result: yes
configure:16439: g++ -c -O3   conftest.cpp >&5
configure:16442: $? = 0
configure:16923: checking for g++ option to produce PIC
configure:16932: result: -fPIC -DPIC
configure:16940: checking if g++ PIC flag -fPIC -DPIC works
configure:16959: g++ -c -O3   -fPIC -DPIC -DPIC conftest.cpp >&5
configure:16963: $? = 0
configure:16977: result: yes
configure:17000: checking if g++ static flag -static works
configure:17030: result: no
configure:17042: checking if g++ supports -c -o file.o
configure:17064: g++ -c -O3   -o out/conftest2.o conftest.cpp >&5
configure:17068: $? = 0
configure:17091: result: yes
configure:17096: checking if g++ supports -c -o file.o
configure:17145: result: yes
configure:17175: checking whether the g++ linker (/usr/bin/ld -m elf_x86_64) supports shared libraries
configure:17215: result: yes
configure:17358: checking dynamic linker characteristics
configure:18107: result: GNU/Linux ld.so
configure:18172: checking how to hardcode library paths into programs
configure:18197: result: immediate
configure:18250: checking whether g++ supports C++11 features by default
configure:18545: g++ -c -O3   conftest.cpp >&5
configure:18545: $? = 0
configure:18555: result: yes
configure:19241: checking for g++ option to support OpenMP
configure:19263: g++ -c -O3    conftest.cpp >&5
conftest.cpp:26:2: error: #error "OpenMP not supported"
 #error "OpenMP not supported"
  ^~~~~
configure:19263: $? = 1
configure: failed program was:
| /* confdefs.h */
| #define PACKAGE_NAME "healpix_cxx"
| #define PACKAGE_TARNAME "healpix_cxx"
| #define PACKAGE_VERSION "3.83.0"
| #define PACKAGE_STRING "healpix_cxx 3.83.0"
| #define PACKAGE_BUGREPORT ""
| #define PACKAGE_URL ""
| #define PACKAGE "healpix_cxx"
| #define VERSION "3.83.0"
| #define HAVE_STDIO_H 1
| #define HAVE_STDLIB_H 1
| #define HAVE_STRING_H 1
| #define HAVE_INTTYPES_H 1
| #define HAVE_STDINT_H 1
| #define HAVE_STRINGS_H 1
| #define HAVE_SYS_STAT_H 1
| #define HAVE_SYS_TYPES_H 1
| #define HAVE_UNISTD_H 1
| #define STDC_HEADERS 1
| #define HAVE_DLFCN_H 1
| #define LT_OBJDIR ".libs/"
| #define HAVE_CXX11 1
| /* end confdefs.h.  */
| 
| #ifndef _OPENMP
| #error "OpenMP not supported"
| #endif
| #include <omp.h>
| int main (void) { return omp_get_num_threads (); }
| 
configure:19263: g++ -c -O3 -fopenmp   conftest.cpp >&5
configure:19263: $? = 0
configure:19275: g++ -o conftest -O3 -fopenmp    conftest.cpp  >&5
configure:19275: $? = 0
configure:19300: result: -fopenmp
configure:19379: checking for pkg-config
configure:19402: found /usr/bin/pkg-config
configure:19415: result: /usr/bin/pkg-config
configure:19440: checking pkg-config is at least version 0.9.0
configure:19443: result: yes
configure:19453: checking for cfitsio
configure:19518: result: yes
configure:19528: checking for ffgnrwll in -lcfitsio
configure:19557: gcc -o conftest -O3  -I/home/warehouse/n.nhan/cse4059/healpix_cuda/src/cfitsio-4.6.2/include    conftest.c -lcfitsio   -L/home/warehouse/n.nhan/cse4059/healpix_cuda/src/cfitsio-4.6.2/lib -lcfitsio >&5
configure:19557: $? = 0
configure:19569: result: yes
configure:19581: checking for fitsio.h
configure:19581: gcc -c -O3  -I/home/warehouse/n.nhan/cse4059/healpix_cuda/src/cfitsio-4.6.2/include   conftest.c >&5
configure:19581: $? = 0
configure:19581: result: yes
configure:19599: checking for libsharp
configure:19664: result: yes
configure:19675: checking for sharp_execute in -lsharp
configure:19704: gcc -o conftest -O3  -I/home/warehouse/n.nhan/cse4059/healpix_cuda/src/Healpix_3.83/include    conftest.c -lsharp   -L/home/warehouse/n.nhan/cse4059/healpix_cuda/src/Healpix_3.83/lib -lsharp -lm >&5
configure:19704: $? = 0
configure:19716: result: yes
configure:19728: checking for libsharp/sharp.h
configure:19728: gcc -c -O3  -I/home/warehouse/n.nhan/cse4059/healpix_cuda/src/Healpix_3.83/include   conftest.c >&5
configure:19728: $? = 0
configure:19728: result: yes
configure:19749: checking our pkgconfig libname
configure:19757: result: healpix_cxx
configure:19760: checking our pkgconfig version
configure:19768: result: 3.83.0
configure:19771: checking our pkgconfig_libdir
configure:19778: result: ${libdir}/pkgconfig
configure:19781: result: expanded our pkgconfig_libdir... /home/warehouse/n.nhan/cse4059/healpix_cuda/src/Healpix_3.83/lib/pkgconfig
configure:19785: checking our pkgconfig_libfile
configure:19791: result: healpix_cxx.pc
configure:19798: checking our package / suffix
configure:19802: result: healpix_cxx / 
configure:19805: checking our pkgconfig description
configure:19812: result: healpix_cxx Library
configure:19815: checking our pkgconfig requires
configure:19820: result: 
configure:19823: checking our pkgconfig ext libs
configure:19830: result: -lhealpix_cxx
configure:19833: checking our pkgconfig cppflags
configure:19838: result: -I/home/warehouse/n.nhan/cse4059/healpix_cuda/src/Healpix_3.83/include -I/home/warehouse/n.nhan/cse4059/healpix_cuda/src/cfitsio-4.6.2/include
configure:19841: checking our pkgconfig ldflags
configure:19846: result: 
configure:19886: result: noninstalled pkgconfig -L /home/warehouse/n.nhan/cse4059/healpix_cuda/src/Healpix_3.83/src/cxx/build/.libs
configure:19921: result: noninstalled pkgconfig -I //home/warehouse/n.nhan/cse4059/healpix_cuda/src/Healpix_3.83/src/cxx
configure:20074: checking that generated files are newer than configure
configure:20080: result: done
configure:20127: creating ./config.status

## ---------------------- ##
## Running config.status. ##
## ---------------------- ##

This file was extended by healpix_cxx config.status 3.83.0, which was
generated by GNU Autoconf 2.72.  Invocation command line was

  CONFIG_FILES    = 
  CONFIG_HEADERS  = 
  CONFIG_LINKS    = 
  CONFIG_COMMANDS = 
  $ ./config.status 

on iht32-1506.engr.wustl.edu

config.status:1108: creating Makefile
config.status:1265: executing depfiles commands
config.status:1342: cd .       && sed -e '/# am--include-marker/d' Makefile         | make -f - am--depfiles
config.status:1347: $? = 0
config.status:1265: executing libtool commands
config.status:1265: executing healpix_cxx.pc commands
config.status:2088: creating healpix_cxx.pc.in
config.status:2111: creating healpix_cxx.pc
config.status:2137: creating healpix_cxx-uninstalled.pc
config.status:2167: creating healpix_cxx-uninstalled.sh

## ---------------- ##
## Cache variables. ##
## ---------------- ##

ac_cv_build=x86_64-pc-linux-gnu
ac_cv_c_compiler_gnu=yes
ac_cv_cxx_compiler_gnu=yes
ac_cv_env_CCC_set=
ac_cv_env_CCC_value=
ac_cv_env_CC_set=set
ac_cv_env_CC_value=gcc
ac_cv_env_CFITSIO_CFLAGS_set=set
ac_cv_env_CFITSIO_CFLAGS_value=-I/home/warehouse/n.nhan/cse4059/healpix_cuda/src/cfitsio-4.6.2/include
ac_cv_env_CFITSIO_LIBS_set=set
ac_cv_env_CFITSIO_LIBS_value='-L/home/warehouse/n.nhan/cse4059/healpix_cuda/src/cfitsio-4.6.2/lib -lcfitsio'
ac_cv_env_CFLAGS_set=set
ac_cv_env_CFLAGS_value=-O3
ac_cv_env_CPPFLAGS_set=
ac_cv_env_CPPFLAGS_value=
ac_cv_env_CXXCPP_set=
ac_cv_env_CXXCPP_value=
ac_cv_env_CXXFLAGS_set=set
ac_cv_env_CXXFLAGS_value=-O3
ac_cv_env_CXX_set=set
ac_cv_env_CXX_value=g++
ac_cv_env_LDFLAGS_set=set
ac_cv_env_LDFLAGS_value=
ac_cv_env_LIBS_set=
ac_cv_env_LIBS_value=
ac_cv_env_LT_SYS_LIBRARY_PATH_set=
ac_cv_env_LT_SYS_LIBRARY_PATH_value=
ac_cv_env_PKG_CONFIG_LIBDIR_set=
ac_cv_env_PKG_CONFIG_LIBDIR_value=
ac_cv_env_PKG_CONFIG_PATH_set=
ac_cv_env_PKG_CONFIG_PATH_value=
ac_cv_env_PKG_CONFIG_set=
ac_cv_env_PKG_CONFIG_value=
ac_cv_env_SHARP_CFLAGS_set=set
ac_cv_env_SHARP_CFLAGS_value=-I/home/warehouse/n.nhan/cse4059/healpix_cuda/src/Healpix_3.83/include
ac_cv_env_SHARP_LIBS_set=set
ac_cv_env_SHARP_LIBS_value='-L/home/warehouse/n.nhan/cse4059/healpix_cuda/src/Healpix_3.83/lib -lsharp'
ac_cv_env_build_alias_set=
ac_cv_env_build_alias_value=
ac_cv_env_host_alias_set=
ac_cv_env_host_alias_value=
ac_cv_env_target_alias_set=
ac_cv_env_target_alias_value=
ac_cv_header_dlfcn_h=yes
ac_cv_header_fitsio_h=yes
ac_cv_header_inttypes_h=yes
ac_cv_header_libsharp_sharp_h=yes
ac_cv_header_stdint_h=yes
ac_cv_header_stdio_h=yes
ac_cv_header_stdlib_h=yes
ac_cv_header_string_h=yes
ac_cv_header_strings_h=yes
ac_cv_header_sys_stat_h=yes
ac_cv_header_sys_types_h=yes
ac_cv_header_unistd_h=yes
ac_cv_host=x86_64-pc-linux-gnu
ac_cv_lib_cfitsio_ffgnrwll=yes
ac_cv_lib_sharp_sharp_execute=yes
ac_cv_objext=o
ac_cv_path_EGREP='/usr/bin/grep -E'
ac_cv_path_EGREP_TRADITIONAL='/usr/bin/grep -E'
ac_cv_path_FGREP='/usr/bin/grep -F'
ac_cv_path_GREP=/usr/bin/grep
ac_cv_path_SED=/usr/bin/sed
ac_cv_path_ac_pt_PKG_CONFIG=/usr/bin/pkg-config
ac_cv_path_install='/usr/bin/install -c'
ac_cv_path_lt_DD=/usr/bin/dd
ac_cv_path_mkdir=/usr/bin/mkdir
ac_cv_prog_AWK=gawk
ac_cv_prog_CXXCPP='g++ -E'
ac_cv_prog_ac_ct_AR=ar
ac_cv_prog_ac_ct_CC=gcc
ac_cv_prog_ac_ct_OBJDUMP=objdump
ac_cv_prog_ac_ct_RANLIB=ranlib
ac_cv_prog_ac_ct_STRIP=strip
ac_cv_prog_c_openmp=unsupported
ac_cv_prog_cc_c11=
ac_cv_prog_cc_g=yes
ac_cv_prog_cc_stdc=
ac_cv_prog_cxx_cxx11=
ac_cv_prog_cxx_g=yes
ac_cv_prog_cxx_openmp=-fopenmp
ac_cv_prog_cxx_stdcxx=
ac_cv_prog_make_make_set=yes
am_cv_CC_dependencies_compiler_type=gcc3
am_cv_CXX_dependencies_compiler_type=gcc3
am_cv_ar_interface=ar
am_cv_filesystem_timestamp_resolution=0.01
am_cv_make_support_nested_variables=yes
am_cv_prog_cc_c_o=yes
am_cv_sleep_fractional_seconds=yes
am_cv_xargs_n_works=yes
ax_cv_cxx_compile_cxx11=yes
lt_cv_ar_at_file=@
lt_cv_archive_cmds_need_lc=no
lt_cv_deplibs_check_method=pass_all
lt_cv_file_magic_cmd='$MAGIC_CMD'
lt_cv_file_magic_test_file=
lt_cv_ld_reload_flag=-r
lt_cv_nm_interface='BSD nm'
lt_cv_objdir=.libs
lt_cv_path_LD=/usr/bin/ld
lt_cv_path_LDCXX='/usr/bin/ld -m elf_x86_64'
lt_cv_path_NM='/usr/bin/nm -B'
lt_cv_path_mainfest_tool=no
lt_cv_prog_compiler_c_o=yes
lt_cv_prog_compiler_c_o_CXX=yes
lt_cv_prog_compiler_pic='-fPIC -DPIC'
lt_cv_prog_compiler_pic_CXX='-fPIC -DPIC'
lt_cv_prog_compiler_pic_works=yes
lt_cv_prog_compiler_pic_works_CXX=yes
lt_cv_prog_compiler_rtti_exceptions=no
lt_cv_prog_compiler_static_works=yes
lt_cv_prog_compiler_static_works_CXX=no
lt_cv_prog_gnu_ld=yes
lt_cv_prog_gnu_ldcxx=yes
lt_cv_sharedlib_from_linklib_cmd='printf %s\n'
lt_cv_shlibpath_overrides_runpath=no
lt_cv_sys_global_symbol_pipe='sed -n -e '\''s/^.*[	 ]\([ABCDGIRSTW][ABCDGIRSTW]*\)[	 ][	 ]*\([_A-Za-z][_A-Za-z0-9]*\)$/\1 \2 \2/p'\'' | sed '\''/ __gnu_lto/d'\'''
lt_cv_sys_global_symbol_to_c_name_address='sed -n -e '\''s/^: \(.*\) .*$/  {"\1", (void *) 0},/p'\'' -e '\''s/^[ABCDGIRSTW][ABCDGIRSTW]* .* \(.*\)$/  {"\1", (void *) \&\1},/p'\'''
lt_cv_sys_global_symbol_to_c_name_address_lib_prefix='sed -n -e '\''s/^: \(.*\) .*$/  {"\1", (void *) 0},/p'\'' -e '\''s/^[ABCDGIRSTW][ABCDGIRSTW]* .* \(lib.*\)$/  {"\1", (void *) \&\1},/p'\'' -e '\''s/^[ABCDGIRSTW][ABCDGIRSTW]* .* \(.*\)$/  {"lib\1", (void *) \&\1},/p'\'''
lt_cv_sys_global_symbol_to_cdecl='sed -n -e '\''s/^T .* \(.*\)$/extern int \1();/p'\'' -e '\''s/^[ABCDGIRSTW][ABCDGIRSTW]* .* \(.*\)$/extern char \1;/p'\'''
lt_cv_sys_global_symbol_to_import=
lt_cv_sys_max_cmd_len=3458764513820540925
lt_cv_to_host_file_cmd=func_convert_file_noop
lt_cv_to_tool_file_cmd=func_convert_file_noop
lt_cv_truncate_bin='/usr/bin/dd bs=4096 count=1'
pkg_cv_CFITSIO_CFLAGS=-I/home/warehouse/n.nhan/cse4059/healpix_cuda/src/cfitsio-4.6.2/include
pkg_cv_CFITSIO_LIBS='-L/home/warehouse/n.nhan/cse4059/healpix_cuda/src/cfitsio-4.6.2/lib -lcfitsio'
pkg_cv_SHARP_CFLAGS=-I/home/warehouse/n.nhan/cse4059/healpix_cuda/src/Healpix_3.83/include
pkg_cv_SHARP_LIBS='-L/home/warehouse/n.nhan/cse4059/healpix_cuda/src/Healpix_3.83/lib -lsharp'

## ----------------- ##
## Output variables. ##
## ----------------- ##

ACLOCAL='${SHELL} '\''/home/warehouse/n.nhan/cse4059/healpix_cuda/src/Healpix_3.83/src/cxx/missing'\'' aclocal-1.17'
AMDEPBACKSLASH='\'
AMDEP_FALSE='#'
AMDEP_TRUE=''
AMTAR='$${TAR-tar}'
AM_BACKSLASH='\'
AM_DEFAULT_V='$(AM_DEFAULT_VERBOSITY)'
AM_DEFAULT_VERBOSITY='0'
AM_V='$(V)'
AR='ar'
AUTOCONF='${SHELL} '\''/home/warehouse/n.nhan/cse4059/healpix_cuda/src/Healpix_3.83/src/cxx/missing'\'' autoconf'
AUTOHEADER='${SHELL} '\''/home/warehouse/n.nhan/cse4059/healpix_cuda/src/Healpix_3.83/src/cxx/missing'\'' autoheader'
AUTOMAKE='${SHELL} '\''/home/warehouse/n.nhan/cse4059/healpix_cuda/src/Healpix_3.83/src/cxx/missing'\'' automake-1.17'
AWK='gawk'
CC='gcc'
CCDEPMODE='depmode=gcc3'
CFITSIO_CFLAGS='-I/home/warehouse/n.nhan/cse4059/healpix_cuda/src/cfitsio-4.6.2/include'
CFITSIO_LIBS='-L/home/warehouse/n.nhan/cse4059/healpix_cuda/src/cfitsio-4.6.2/lib -lcfitsio'
CFLAGS='-O3 '
CPPFLAGS=' '
CSCOPE='cscope'
CTAGS='ctags'
CXX='g++'
CXXCPP='g++ -E'
CXXDEPMODE='depmode=gcc3'
CXXFLAGS='-O3 '
CYGPATH_W='echo'
DEFS='-DPACKAGE_NAME=\"healpix_cxx\" -DPACKAGE_TARNAME=\"healpix_cxx\" -DPACKAGE_VERSION=\"3.83.0\" -DPACKAGE_STRING=\"healpix_cxx\ 3.83.0\" -DPACKAGE_BUGREPORT=\"\" -DPACKAGE_URL=\"\" -DPACKAGE=\"healpix_cxx\" -DVERSION=\"3.83.0\" -DHAVE_STDIO_H=1 -DHAVE_STDLIB_H=1 -DHAVE_STRING_H=1 -DHAVE_INTTYPES_H=1 -DHAVE_STDINT_H=1 -DHAVE_STRINGS_H=1 -DHAVE_SYS_STAT_H=1 -DHAVE_SYS_TYPES_H=1 -DHAVE_UNISTD_H=1 -DSTDC_HEADERS=1 -DHAVE_DLFCN_H=1 -DLT_OBJDIR=\".libs/\" -DHAVE_CXX11=1 -DHAVE_FITSIO_H=1 -DHAVE_LIBSHARP_SHARP_H=1'
DEPDIR='.deps'
DLLTOOL='false'
DSYMUTIL=''
DUMPBIN=''
ECHO_C=''
ECHO_N='-n'
ECHO_T=''
EGREP='/usr/bin/grep -E'
ETAGS='etags'
EXEEXT=''
FGREP='/usr/bin/grep -F'
GREP='/usr/bin/grep'
HAVE_CXX11='1'
INSTALL_DATA='${INSTALL} -m 644'
INSTALL_PROGRAM='${INSTALL}'
INSTALL_SCRIPT='${INSTALL}'
INSTALL_STRIP_PROGRAM='$(install_sh) -c -s'
LD='/usr/bin/ld -m elf_x86_64'
LDFLAGS=''
LIBOBJS=''
LIBS=''
LIBTOOL='$(SHELL) $(top_builddir)/libtool'
LIPO=''
LN_S='ln -s'
LTLIBOBJS=''
LT_SYS_LIBRARY_PATH=''
MAINT=''
MAINTAINER_MODE_FALSE='#'
MAINTAINER_MODE_TRUE=''
MAKEINFO='${SHELL} '\''/home/warehouse/n.nhan/cse4059/healpix_cuda/src/Healpix_3.83/src/cxx/missing'\'' makeinfo'
MANIFEST_TOOL=':'
MKDIR_P='/usr/bin/mkdir -p'
NM='/usr/bin/nm -B'
NMEDIT=''
OBJDUMP='objdump'
OBJEXT='o'
OPENMP_CFLAGS=''
OPENMP_CXXFLAGS='-fopenmp'
OTOOL64=''
OTOOL=''
PACKAGE='healpix_cxx'
PACKAGE_BUGREPORT=''
PACKAGE_NAME='healpix_cxx'
PACKAGE_STRING='healpix_cxx 3.83.0'
PACKAGE_TARNAME='healpix_cxx'
PACKAGE_URL=''
PACKAGE_VERSION='3.83.0'
PATH_SEPARATOR=':'
PKG_CONFIG='/usr/bin/pkg-config'
PKG_CONFIG_LIBDIR=''
PKG_CONFIG_PATH=''
RANLIB='ranlib'
SED='/usr/bin/sed'
SET_MAKE=''
SHARP_CFLAGS='-I/home/warehouse/n.nhan/cse4059/healpix_cuda/src/Healpix_3.83/include'
SHARP_LIBS='-L/home/warehouse/n.nhan/cse4059/healpix_cuda/src/Healpix_3.83/lib -lsharp -lm'
SHELL='/bin/sh'
STRIP='strip'
VERSION='3.83.0'
ac_ct_AR='ar'
ac_ct_CC='gcc'
ac_ct_CXX=''
ac_ct_DUMPBIN=''
am__EXEEXT_FALSE=''
am__EXEEXT_TRUE='#'
am__fastdepCC_FALSE='#'
am__fastdepCC_TRUE=''
am__fastdepCXX_FALSE='#'
am__fastdepCXX_TRUE=''
am__include='include'
am__isrc=' -I$(srcdir)'
am__leading_dot='.'
am__nodep='_no'
am__quote=''
am__rm_f_notfound=''
am__tar='$${TAR-tar} chof - "$$tardir"'
am__untar='$${TAR-tar} xf -'
am__xargs_n='xargs -n'
bindir='${exec_prefix}/bin'
build='x86_64-pc-linux-gnu'
build_alias=''
build_cpu='x86_64'
build_os='linux-gnu'
build_vendor='pc'
datadir='${datarootdir}'
datarootdir='${prefix}/share'
docdir='${datarootdir}/doc/${PACKAGE_TARNAME}'
dvidir='${docdir}'
exec_prefix='${prefix}'
host='x86_64-pc-linux-gnu'
host_alias=''
host_cpu='x86_64'
host_os='linux-gnu'
host_vendor='pc'
htmldir='${docdir}'
includedir='${prefix}/include/healpix_cxx'
infodir='${datarootdir}/info'
install_sh='${SHELL} /home/warehouse/n.nhan/cse4059/healpix_cuda/src/Healpix_3.83/src/cxx/install-sh'
libdir='${exec_prefix}/lib'
libexecdir='${exec_prefix}/libexec'
localedir='${datarootdir}/locale'
localstatedir='${prefix}/var'
mandir='${datarootdir}/man'
mkdir_p='$(MKDIR_P)'
oldincludedir='/usr/include'
pdfdir='${docdir}'
pkgconfig_libdir='${libdir}/pkgconfig'
pkgconfig_libfile='healpix_cxx.pc'
prefix='/home/warehouse/n.nhan/cse4059/healpix_cuda/src/Healpix_3.83'
program_transform_name='s,x,x,'
psdir='${docdir}'
runstatedir='${localstatedir}/run'
sbindir='${exec_prefix}/sbin'
sharedstatedir='${prefix}/com'
sysconfdir='${prefix}/etc'
target_alias=''

## ----------- ##
## confdefs.h. ##
## ----------- ##

/* confdefs.h */
#define PACKAGE_NAME "healpix_cxx"
#define PACKAGE_TARNAME "healpix_cxx"
#define PACKAGE_VERSION "3.83.0"
#define PACKAGE_STRING "healpix_cxx 3.83.0"
#define PACKAGE_BUGREPORT ""
#define PACKAGE_URL ""
#define PACKAGE "healpix_cxx"
#define VERSION "3.83.0"
#define HAVE_STDIO_H 1
#define HAVE_STDLIB_H 1
#define HAVE_STRING_H 1
#define HAVE_INTTYPES_H 1
#define HAVE_STDINT_H 1
#define HAVE_STRINGS_H 1
#define HAVE_SYS_STAT_H 1
#define HAVE_SYS_TYPES_H 1
#define HAVE_UNISTD_H 1
#define STDC_HEADERS 1
#define HAVE_DLFCN_H 1
#define LT_OBJDIR ".libs/"
#define HAVE_CXX11 1
#define HAVE_FITSIO_H 1
#define HAVE_LIBSHARP_SHARP_H 1

configure: exit 0
